Started GET "/artsites" for ::1 at 2023-01-28 00:34:57 +0300
  [1m[35m (0.2ms)[0m  [1m[34mSELECT sqlite_version(*)[0m
Processing by ArtsitesController#index as HTML
  Rendering artsites/index.html.erb within layouts/application
  Rendered artsites/index.html.erb within layouts/application (Duration: 9.6ms | Allocations: 10299)
  Rendered layouts/_navbar.html.erb (Duration: 0.3ms | Allocations: 158)
Completed 200 OK in 18ms (Views: 13.1ms | ActiveRecord: 0.0ms | Allocations: 15484)


Started GET "/artsites" for ::1 at 2023-01-28 00:36:43 +0300
Processing by ArtsitesController#index as HTML
  Rendering artsites/index.html.erb within layouts/application
  Rendered artsites/index.html.erb within layouts/application (Duration: 12.1ms | Allocations: 5404)
  Rendered layouts/_navbar.html.erb (Duration: 0.5ms | Allocations: 153)
Completed 200 OK in 30ms (Views: 20.7ms | ActiveRecord: 0.0ms | Allocations: 8575)


  [1m[35m (2.9ms)[0m  [1m[35mCREATE TABLE "schema_migrations" ("version" varchar NOT NULL PRIMARY KEY)[0m
  [1m[35m (0.4ms)[0m  [1m[35mCREATE TABLE "ar_internal_metadata" ("key" varchar NOT NULL PRIMARY KEY, "value" varchar, "created_at" datetime(6) NOT NULL, "updated_at" datetime(6) NOT NULL)[0m
  [1m[36mActiveRecord::InternalMetadata Load (0.3ms)[0m  [1m[34mSELECT * FROM "ar_internal_metadata" WHERE "ar_internal_metadata"."key" = ? ORDER BY "ar_internal_metadata"."key" ASC LIMIT 1[0m  [[nil, "environment"]]
  [1m[36mActiveRecord::InternalMetadata Create (0.5ms)[0m  [1m[32mINSERT INTO "ar_internal_metadata" ("key", "value", "created_at", "updated_at") VALUES ('environment', 'development', '2026-02-05 21:19:32.719200', '2026-02-05 21:19:32.719204') RETURNING "key"[0m
  [1m[36mActiveRecord::SchemaMigration Load (0.2ms)[0m  [1m[34mSELECT "schema_migrations"."version" FROM "schema_migrations" ORDER BY "schema_migrations"."version" ASC[0m
Migrating to DeviseCreateUsers (20240101000001)
  [1m[36mTRANSACTION (0.1ms)[0m  [1m[36mbegin transaction[0m
  [1m[35m (2.2ms)[0m  [1m[35mCREATE TABLE "users" ("id" integer PRIMARY KEY AUTOINCREMENT NOT NULL, "email" varchar DEFAULT '' NOT NULL, "encrypted_password" varchar DEFAULT '' NOT NULL, "reset_password_token" varchar, "reset_password_sent_at" datetime(6), "remember_created_at" datetime(6), "first_name" varchar NOT NULL, "last_name" varchar NOT NULL, "username" varchar NOT NULL, "bio" text, "role" integer DEFAULT 0 NOT NULL, "created_at" datetime(6) NOT NULL, "updated_at" datetime(6) NOT NULL)[0m
  [1m[35m (0.2ms)[0m  [1m[35mCREATE UNIQUE INDEX "index_users_on_email" ON "users" ("email")[0m
  [1m[35m (0.2ms)[0m  [1m[35mCREATE UNIQUE INDEX "index_users_on_reset_password_token" ON "users" ("reset_password_token")[0m
  [1m[35m (0.2ms)[0m  [1m[35mCREATE UNIQUE INDEX "index_users_on_username" ON "users" ("username")[0m
  [1m[36mActiveRecord::SchemaMigration Create (0.2ms)[0m  [1m[32mINSERT INTO "schema_migrations" ("version") VALUES ('20240101000001') RETURNING "version"[0m
  [1m[36mTRANSACTION (0.3ms)[0m  [1m[36mcommit transaction[0m
Migrating to CreateCategories (20240101000002)
  [1m[36mTRANSACTION (0.1ms)[0m  [1m[36mbegin transaction[0m
  [1m[35m (1.1ms)[0m  [1m[35mCREATE TABLE "categories" ("id" integer PRIMARY KEY AUTOINCREMENT NOT NULL, "name" varchar NOT NULL, "description" text, "slug" varchar NOT NULL, "created_at" datetime(6) NOT NULL, "updated_at" datetime(6) NOT NULL)[0m
  [1m[35m (0.2ms)[0m  [1m[35mCREATE UNIQUE INDEX "index_categories_on_slug" ON "categories" ("slug")[0m
  [1m[35m (0.3ms)[0m  [1m[35mCREATE UNIQUE INDEX "index_categories_on_name" ON "categories" ("name")[0m
  [1m[36mActiveRecord::SchemaMigration Create (0.2ms)[0m  [1m[32mINSERT INTO "schema_migrations" ("version") VALUES ('20240101000002') RETURNING "version"[0m
  [1m[36mTRANSACTION (0.5ms)[0m  [1m[36mcommit transaction[0m
Migrating to CreateArtworks (20240101000003)
  [1m[36mTRANSACTION (0.1ms)[0m  [1m[36mbegin transaction[0m
  [1m[35m (3.6ms)[0m  [1m[35mCREATE TABLE "artworks" ("id" integer PRIMARY KEY AUTOINCREMENT NOT NULL, "title" varchar NOT NULL, "description" text, "artist_id" integer NOT NULL, "category_id" integer NOT NULL, "medium" varchar, "dimensions" varchar, "year" integer, "slug" varchar NOT NULL, "featured" boolean DEFAULT 0, "status" integer DEFAULT 0 NOT NULL, "created_at" datetime(6) NOT NULL, "updated_at" datetime(6) NOT NULL, CONSTRAINT "fk_rails_61f542e710"
FOREIGN KEY ("artist_id")
  REFERENCES "users" ("id")
, CONSTRAINT "fk_rails_0c8dd5a5e0"
FOREIGN KEY ("category_id")
  REFERENCES "categories" ("id")
)[0m
  [1m[35m (0.2ms)[0m  [1m[35mCREATE INDEX "index_artworks_on_artist_id" ON "artworks" ("artist_id")[0m
  [1m[35m (0.2ms)[0m  [1m[35mCREATE INDEX "index_artworks_on_category_id" ON "artworks" ("category_id")[0m
  [1m[35m (0.4ms)[0m  [1m[35mCREATE UNIQUE INDEX "index_artworks_on_slug" ON "artworks" ("slug")[0m
  [1m[35m (0.2ms)[0m  [1m[35mCREATE INDEX "index_artworks_on_featured" ON "artworks" ("featured")[0m
  [1m[35m (0.2ms)[0m  [1m[35mCREATE INDEX "index_artworks_on_status" ON "artworks" ("status")[0m
  [1m[36mActiveRecord::SchemaMigration Create (0.2ms)[0m  [1m[32mINSERT INTO "schema_migrations" ("version") VALUES ('20240101000003') RETURNING "version"[0m
  [1m[36mTRANSACTION (0.4ms)[0m  [1m[36mcommit transaction[0m
Migrating to CreateAuctions (20240101000004)
  [1m[36mTRANSACTION (0.1ms)[0m  [1m[36mbegin transaction[0m
  [1m[35m (2.5ms)[0m  [1m[35mCREATE TABLE "auctions" ("id" integer PRIMARY KEY AUTOINCREMENT NOT NULL, "artwork_id" integer NOT NULL, "seller_id" integer NOT NULL, "starting_price" decimal(10,2) NOT NULL, "reserve_price" decimal(10,2), "current_price" decimal(10,2) NOT NULL, "starts_at" datetime(6) NOT NULL, "ends_at" datetime(6) NOT NULL, "status" integer DEFAULT 0 NOT NULL, "bids_count" integer DEFAULT 0 NOT NULL, "created_at" datetime(6) NOT NULL, "updated_at" datetime(6) NOT NULL, CONSTRAINT "fk_rails_ae0ffca38f"
FOREIGN KEY ("artwork_id")
  REFERENCES "artworks" ("id")
, CONSTRAINT "fk_rails_4bf46465a8"
FOREIGN KEY ("seller_id")
  REFERENCES "users" ("id")
)[0m
  [1m[35m (0.1ms)[0m  [1m[35mCREATE INDEX "index_auctions_on_artwork_id" ON "auctions" ("artwork_id")[0m
  [1m[35m (0.2ms)[0m  [1m[35mCREATE INDEX "index_auctions_on_seller_id" ON "auctions" ("seller_id")[0m
  [1m[35m (0.4ms)[0m  [1m[35mCREATE INDEX "index_auctions_on_status" ON "auctions" ("status")[0m
  [1m[35m (0.2ms)[0m  [1m[35mCREATE INDEX "index_auctions_on_ends_at" ON "auctions" ("ends_at")[0m
  [1m[35m (0.2ms)[0m  [1m[35mCREATE INDEX "index_auctions_on_starts_at" ON "auctions" ("starts_at")[0m
  [1m[36mActiveRecord::SchemaMigration Create (0.2ms)[0m  [1m[32mINSERT INTO "schema_migrations" ("version") VALUES ('20240101000004') RETURNING "version"[0m
  [1m[36mTRANSACTION (0.5ms)[0m  [1m[36mcommit transaction[0m
Migrating to CreateBids (20240101000005)
  [1m[36mTRANSACTION (0.2ms)[0m  [1m[36mbegin transaction[0m
  [1m[35m (2.5ms)[0m  [1m[35mCREATE TABLE "bids" ("id" integer PRIMARY KEY AUTOINCREMENT NOT NULL, "auction_id" integer NOT NULL, "bidder_id" integer NOT NULL, "amount" decimal(10,2) NOT NULL, "created_at" datetime(6) NOT NULL, "updated_at" datetime(6) NOT NULL, CONSTRAINT "fk_rails_7332d1a025"
FOREIGN KEY ("auction_id")
  REFERENCES "auctions" ("id")
, CONSTRAINT "fk_rails_fc5b538621"
FOREIGN KEY ("bidder_id")
  REFERENCES "users" ("id")
)[0m
  [1m[35m (0.3ms)[0m  [1m[35mCREATE INDEX "index_bids_on_auction_id" ON "bids" ("auction_id")[0m
  [1m[35m (0.3ms)[0m  [1m[35mCREATE INDEX "index_bids_on_bidder_id" ON "bids" ("bidder_id")[0m
  [1m[35m (0.2ms)[0m  [1m[35mCREATE INDEX "index_bids_on_auction_id_and_amount" ON "bids" ("auction_id", "amount")[0m
  [1m[35m (2.1ms)[0m  [1m[35mCREATE INDEX "index_bids_on_auction_id_and_created_at" ON "bids" ("auction_id", "created_at")[0m
  [1m[36mActiveRecord::SchemaMigration Create (0.3ms)[0m  [1m[32mINSERT INTO "schema_migrations" ("version") VALUES ('20240101000005') RETURNING "version"[0m
  [1m[36mTRANSACTION (0.4ms)[0m  [1m[36mcommit transaction[0m
Migrating to CreateWatchlists (20240101000006)
  [1m[36mTRANSACTION (0.1ms)[0m  [1m[36mbegin transaction[0m
  [1m[35m (1.5ms)[0m  [1m[35mCREATE TABLE "watchlists" ("id" integer PRIMARY KEY AUTOINCREMENT NOT NULL, "user_id" integer NOT NULL, "auction_id" integer NOT NULL, "created_at" datetime(6) NOT NULL, "updated_at" datetime(6) NOT NULL, CONSTRAINT "fk_rails_0dc1a4cbcb"
FOREIGN KEY ("user_id")
  REFERENCES "users" ("id")
, CONSTRAINT "fk_rails_d206a2a3a7"
FOREIGN KEY ("auction_id")
  REFERENCES "auctions" ("id")
)[0m
  [1m[35m (0.2ms)[0m  [1m[35mCREATE INDEX "index_watchlists_on_user_id" ON "watchlists" ("user_id")[0m
  [1m[35m (0.2ms)[0m  [1m[35mCREATE INDEX "index_watchlists_on_auction_id" ON "watchlists" ("auction_id")[0m
  [1m[35m (0.2ms)[0m  [1m[35mCREATE UNIQUE INDEX "index_watchlists_on_user_id_and_auction_id" ON "watchlists" ("user_id", "auction_id")[0m
  [1m[36mActiveRecord::SchemaMigration Create (0.1ms)[0m  [1m[32mINSERT INTO "schema_migrations" ("version") VALUES ('20240101000006') RETURNING "version"[0m
  [1m[36mTRANSACTION (0.5ms)[0m  [1m[36mcommit transaction[0m
Migrating to CreateActiveStorageTables (20240101000007)
  [1m[36mTRANSACTION (0.1ms)[0m  [1m[36mbegin transaction[0m
  [1m[35m (1.0ms)[0m  [1m[35mCREATE TABLE "active_storage_blobs" ("id" integer PRIMARY KEY AUTOINCREMENT NOT NULL, "key" varchar NOT NULL, "filename" varchar NOT NULL, "content_type" varchar, "metadata" text, "service_name" varchar NOT NULL, "byte_size" bigint NOT NULL, "checksum" varchar, "created_at" datetime(6) NOT NULL)[0m
  [1m[35m (0.2ms)[0m  [1m[35mCREATE UNIQUE INDEX "index_active_storage_blobs_on_key" ON "active_storage_blobs" ("key")[0m
  [1m[35m (0.3ms)[0m  [1m[35mCREATE TABLE "active_storage_attachments" ("id" integer PRIMARY KEY AUTOINCREMENT NOT NULL, "name" varchar NOT NULL, "record_type" varchar NOT NULL, "record_id" integer NOT NULL, "blob_id" integer NOT NULL, "created_at" datetime(6) NOT NULL, CONSTRAINT "fk_rails_c3b3935057"
FOREIGN KEY ("blob_id")
  REFERENCES "active_storage_blobs" ("id")
)[0m
  [1m[35m (0.2ms)[0m  [1m[35mCREATE INDEX "index_active_storage_attachments_on_blob_id" ON "active_storage_attachments" ("blob_id")[0m
  [1m[35m (0.1ms)[0m  [1m[35mCREATE UNIQUE INDEX "index_active_storage_attachments_uniqueness" ON "active_storage_attachments" ("record_type", "record_id", "name", "blob_id")[0m
  [1m[35m (0.3ms)[0m  [1m[35mCREATE TABLE "active_storage_variant_records" ("id" integer PRIMARY KEY AUTOINCREMENT NOT NULL, "blob_id" integer NOT NULL, "variation_digest" varchar NOT NULL, CONSTRAINT "fk_rails_993965df05"
FOREIGN KEY ("blob_id")
  REFERENCES "active_storage_blobs" ("id")
)[0m
  [1m[35m (0.2ms)[0m  [1m[35mCREATE UNIQUE INDEX "index_active_storage_variant_records_uniqueness" ON "active_storage_variant_records" ("blob_id", "variation_digest")[0m
  [1m[36mActiveRecord::SchemaMigration Create (0.1ms)[0m  [1m[32mINSERT INTO "schema_migrations" ("version") VALUES ('20240101000007') RETURNING "version"[0m
  [1m[36mTRANSACTION (0.3ms)[0m  [1m[36mcommit transaction[0m
  [1m[36mCategory Load (0.3ms)[0m  [1m[34mSELECT "categories".* FROM "categories" WHERE "categories"."slug" = ? LIMIT ?[0m  [["slug", "painting"], ["LIMIT", 1]]
  [1m[36mTRANSACTION (0.4ms)[0m  [1m[36mbegin transaction[0m
  [1m[36mCategory Exists? (0.2ms)[0m  [1m[34mSELECT 1 AS one FROM "categories" WHERE "categories"."name" = ? LIMIT ?[0m  [["name", "Painting"], ["LIMIT", 1]]
  [1m[36mCategory Exists? (0.2ms)[0m  [1m[34mSELECT 1 AS one FROM "categories" WHERE "categories"."slug" = ? LIMIT ?[0m  [["slug", "painting"], ["LIMIT", 1]]
  [1m[36mCategory Create (0.8ms)[0m  [1m[32mINSERT INTO "categories" ("name", "description", "slug", "created_at", "updated_at") VALUES (?, ?, ?, ?, ?) RETURNING "id"[0m  [["name", "Painting"], ["description", "Traditional and contemporary paintings in oil, acrylic, watercolor, and mixed media."], ["slug", "painting"], ["created_at", "2026-02-05 21:19:53.053799"], ["updated_at", "2026-02-05 21:19:53.053799"]]
  [1m[36mTRANSACTION (1.0ms)[0m  [1m[36mcommit transaction[0m
  [1m[36mCategory Load (0.3ms)[0m  [1m[34mSELECT "categories".* FROM "categories" WHERE "categories"."slug" = ? LIMIT ?[0m  [["slug", "sculpture"], ["LIMIT", 1]]
  [1m[36mTRANSACTION (0.1ms)[0m  [1m[36mbegin transaction[0m
  [1m[36mCategory Exists? (1.7ms)[0m  [1m[34mSELECT 1 AS one FROM "categories" WHERE "categories"."name" = ? LIMIT ?[0m  [["name", "Sculpture"], ["LIMIT", 1]]
  [1m[36mCategory Exists? (0.2ms)[0m  [1m[34mSELECT 1 AS one FROM "categories" WHERE "categories"."slug" = ? LIMIT ?[0m  [["slug", "sculpture"], ["LIMIT", 1]]
  [1m[36mCategory Create (0.5ms)[0m  [1m[32mINSERT INTO "categories" ("name", "description", "slug", "created_at", "updated_at") VALUES (?, ?, ?, ?, ?) RETURNING "id"[0m  [["name", "Sculpture"], ["description", "Three-dimensional artworks in stone, metal, wood, and modern materials."], ["slug", "sculpture"], ["created_at", "2026-02-05 21:19:53.068796"], ["updated_at", "2026-02-05 21:19:53.068796"]]
  [1m[36mTRANSACTION (0.3ms)[0m  [1m[36mcommit transaction[0m
  [1m[36mCategory Load (0.2ms)[0m  [1m[34mSELECT "categories".* FROM "categories" WHERE "categories"."slug" = ? LIMIT ?[0m  [["slug", "photography"], ["LIMIT", 1]]
  [1m[36mTRANSACTION (0.1ms)[0m  [1m[36mbegin transaction[0m
  [1m[36mCategory Exists? (1.3ms)[0m  [1m[34mSELECT 1 AS one FROM "categories" WHERE "categories"."name" = ? LIMIT ?[0m  [["name", "Photography"], ["LIMIT", 1]]
  [1m[36mCategory Exists? (0.1ms)[0m  [1m[34mSELECT 1 AS one FROM "categories" WHERE "categories"."slug" = ? LIMIT ?[0m  [["slug", "photography"], ["LIMIT", 1]]
  [1m[36mCategory Create (0.3ms)[0m  [1m[32mINSERT INTO "categories" ("name", "description", "slug", "created_at", "updated_at") VALUES (?, ?, ?, ?, ?) RETURNING "id"[0m  [["name", "Photography"], ["description", "Fine art photography capturing moments, landscapes, and abstract compositions."], ["slug", "photography"], ["created_at", "2026-02-05 21:19:53.103130"], ["updated_at", "2026-02-05 21:19:53.103130"]]
  [1m[36mTRANSACTION (0.3ms)[0m  [1m[36mcommit transaction[0m
  [1m[36mCategory Load (0.1ms)[0m  [1m[34mSELECT "categories".* FROM "categories" WHERE "categories"."slug" = ? LIMIT ?[0m  [["slug", "digital-art"], ["LIMIT", 1]]
  [1m[36mTRANSACTION (0.1ms)[0m  [1m[36mbegin transaction[0m
  [1m[36mCategory Exists? (1.4ms)[0m  [1m[34mSELECT 1 AS one FROM "categories" WHERE "categories"."name" = ? LIMIT ?[0m  [["name", "Digital Art"], ["LIMIT", 1]]
  [1m[36mCategory Exists? (0.2ms)[0m  [1m[34mSELECT 1 AS one FROM "categories" WHERE "categories"."slug" = ? LIMIT ?[0m  [["slug", "digital-art"], ["LIMIT", 1]]
  [1m[36mCategory Create (0.2ms)[0m  [1m[32mINSERT INTO "categories" ("name", "description", "slug", "created_at", "updated_at") VALUES (?, ?, ?, ?, ?) RETURNING "id"[0m  [["name", "Digital Art"], ["description", "Art created with digital tools, including generative art and digital illustrations."], ["slug", "digital-art"], ["created_at", "2026-02-05 21:19:53.114317"], ["updated_at", "2026-02-05 21:19:53.114317"]]
  [1m[36mTRANSACTION (0.2ms)[0m  [1m[36mcommit transaction[0m
  [1m[36mCategory Load (0.2ms)[0m  [1m[34mSELECT "categories".* FROM "categories" WHERE "categories"."slug" = ? LIMIT ?[0m  [["slug", "drawing"], ["LIMIT", 1]]
  [1m[36mTRANSACTION (0.1ms)[0m  [1m[36mbegin transaction[0m
  [1m[36mCategory Exists? (1.7ms)[0m  [1m[34mSELECT 1 AS one FROM "categories" WHERE "categories"."name" = ? LIMIT ?[0m  [["name", "Drawing"], ["LIMIT", 1]]
  [1m[36mCategory Exists? (0.1ms)[0m  [1m[34mSELECT 1 AS one FROM "categories" WHERE "categories"."slug" = ? LIMIT ?[0m  [["slug", "drawing"], ["LIMIT", 1]]
  [1m[36mCategory Create (0.2ms)[0m  [1m[32mINSERT INTO "categories" ("name", "description", "slug", "created_at", "updated_at") VALUES (?, ?, ?, ?, ?) RETURNING "id"[0m  [["name", "Drawing"], ["description", "Pencil, charcoal, ink, and pastel works on paper."], ["slug", "drawing"], ["created_at", "2026-02-05 21:19:53.124819"], ["updated_at", "2026-02-05 21:19:53.124819"]]
  [1m[36mTRANSACTION (0.3ms)[0m  [1m[36mcommit transaction[0m
  [1m[36mCategory Load (0.6ms)[0m  [1m[34mSELECT "categories".* FROM "categories" WHERE "categories"."slug" = ? LIMIT ?[0m  [["slug", "print"], ["LIMIT", 1]]
  [1m[36mTRANSACTION (0.1ms)[0m  [1m[36mbegin transaction[0m
  [1m[36mCategory Exists? (1.1ms)[0m  [1m[34mSELECT 1 AS one FROM "categories" WHERE "categories"."name" = ? LIMIT ?[0m  [["name", "Print"], ["LIMIT", 1]]
  [1m[36mCategory Exists? (0.2ms)[0m  [1m[34mSELECT 1 AS one FROM "categories" WHERE "categories"."slug" = ? LIMIT ?[0m  [["slug", "print"], ["LIMIT", 1]]
  [1m[36mCategory Create (0.3ms)[0m  [1m[32mINSERT INTO "categories" ("name", "description", "slug", "created_at", "updated_at") VALUES (?, ?, ?, ?, ?) RETURNING "id"[0m  [["name", "Print"], ["description", "Lithographs, screen prints, etchings, and limited edition prints."], ["slug", "print"], ["created_at", "2026-02-05 21:19:53.135097"], ["updated_at", "2026-02-05 21:19:53.135097"]]
  [1m[36mTRANSACTION (0.2ms)[0m  [1m[36mcommit transaction[0m
  [1m[36mCategory Load (0.3ms)[0m  [1m[34mSELECT "categories".* FROM "categories" WHERE "categories"."slug" = ? LIMIT ?[0m  [["slug", "mixed-media"], ["LIMIT", 1]]
  [1m[36mTRANSACTION (0.1ms)[0m  [1m[36mbegin transaction[0m
  [1m[36mCategory Exists? (3.2ms)[0m  [1m[34mSELECT 1 AS one FROM "categories" WHERE "categories"."name" = ? LIMIT ?[0m  [["name", "Mixed Media"], ["LIMIT", 1]]
  [1m[36mCategory Exists? (0.2ms)[0m  [1m[34mSELECT 1 AS one FROM "categories" WHERE "categories"."slug" = ? LIMIT ?[0m  [["slug", "mixed-media"], ["LIMIT", 1]]
  [1m[36mCategory Create (0.2ms)[0m  [1m[32mINSERT INTO "categories" ("name", "description", "slug", "created_at", "updated_at") VALUES (?, ?, ?, ?, ?) RETURNING "id"[0m  [["name", "Mixed Media"], ["description", "Artworks combining multiple materials and techniques."], ["slug", "mixed-media"], ["created_at", "2026-02-05 21:19:53.145593"], ["updated_at", "2026-02-05 21:19:53.145593"]]
  [1m[36mTRANSACTION (0.4ms)[0m  [1m[36mcommit transaction[0m
  [1m[36mCategory Load (0.1ms)[0m  [1m[34mSELECT "categories".* FROM "categories" WHERE "categories"."slug" = ? LIMIT ?[0m  [["slug", "textile-art"], ["LIMIT", 1]]
  [1m[36mTRANSACTION (0.1ms)[0m  [1m[36mbegin transaction[0m
  [1m[36mCategory Exists? (1.3ms)[0m  [1m[34mSELECT 1 AS one FROM "categories" WHERE "categories"."name" = ? LIMIT ?[0m  [["name", "Textile Art"], ["LIMIT", 1]]
  [1m[36mCategory Exists? (0.2ms)[0m  [1m[34mSELECT 1 AS one FROM "categories" WHERE "categories"."slug" = ? LIMIT ?[0m  [["slug", "textile-art"], ["LIMIT", 1]]
  [1m[36mCategory Create (0.3ms)[0m  [1m[32mINSERT INTO "categories" ("name", "description", "slug", "created_at", "updated_at") VALUES (?, ?, ?, ?, ?) RETURNING "id"[0m  [["name", "Textile Art"], ["description", "Fiber arts, tapestries, and fabric-based artworks."], ["slug", "textile-art"], ["created_at", "2026-02-05 21:19:53.151973"], ["updated_at", "2026-02-05 21:19:53.151973"]]
  [1m[36mTRANSACTION (0.4ms)[0m  [1m[36mcommit transaction[0m
  [1m[36mCategory Count (0.1ms)[0m  [1m[34mSELECT COUNT(*) FROM "categories"[0m
  [1m[36mUser Load (0.4ms)[0m  [1m[34mSELECT "users".* FROM "users" WHERE "users"."email" = ? LIMIT ?[0m  [["email", "admin@artsite.com"], ["LIMIT", 1]]
  [1m[36mTRANSACTION (0.1ms)[0m  [1m[36mbegin transaction[0m
  [1m[36mUser Exists? (0.3ms)[0m  [1m[34mSELECT 1 AS one FROM "users" WHERE "users"."email" = ? LIMIT ?[0m  [["email", "admin@artsite.com"], ["LIMIT", 1]]
  [1m[36mUser Exists? (0.5ms)[0m  [1m[34mSELECT 1 AS one FROM "users" WHERE LOWER("users"."username") = LOWER(?) LIMIT ?[0m  [["username", "admin"], ["LIMIT", 1]]
  [1m[36mUser Create (0.7ms)[0m  [1m[32mINSERT INTO "users" ("email", "encrypted_password", "reset_password_token", "reset_password_sent_at", "remember_created_at", "first_name", "last_name", "username", "bio", "role", "created_at", "updated_at") VALUES (?, ?, ?, ?, ?, ?, ?, ?, ?, ?, ?, ?) RETURNING "id"[0m  [["email", "admin@artsite.com"], ["encrypted_password", "[FILTERED]"], ["reset_password_token", "[FILTERED]"], ["reset_password_sent_at", "[FILTERED]"], ["remember_created_at", nil], ["first_name", "Admin"], ["last_name", "User"], ["username", "admin"], ["bio", nil], ["role", 2], ["created_at", "2026-02-05 21:19:53.514402"], ["updated_at", "2026-02-05 21:19:53.514402"]]
  [1m[36mTRANSACTION (0.5ms)[0m  [1m[36mcommit transaction[0m
  [1m[36mUser Load (0.3ms)[0m  [1m[34mSELECT "users".* FROM "users" WHERE "users"."email" = ? LIMIT ?[0m  [["email", "elena@artsite.com"], ["LIMIT", 1]]
  [1m[36mTRANSACTION (0.2ms)[0m  [1m[36mbegin transaction[0m
  [1m[36mUser Exists? (2.0ms)[0m  [1m[34mSELECT 1 AS one FROM "users" WHERE "users"."email" = ? LIMIT ?[0m  [["email", "elena@artsite.com"], ["LIMIT", 1]]
  [1m[36mUser Exists? (0.2ms)[0m  [1m[34mSELECT 1 AS one FROM "users" WHERE LOWER("users"."username") = LOWER(?) LIMIT ?[0m  [["username", "elena_morisot"], ["LIMIT", 1]]
  [1m[36mUser Create (0.3ms)[0m  [1m[32mINSERT INTO "users" ("email", "encrypted_password", "reset_password_token", "reset_password_sent_at", "remember_created_at", "first_name", "last_name", "username", "bio", "role", "created_at", "updated_at") VALUES (?, ?, ?, ?, ?, ?, ?, ?, ?, ?, ?, ?) RETURNING "id"[0m  [["email", "elena@artsite.com"], ["encrypted_password", "[FILTERED]"], ["reset_password_token", "[FILTERED]"], ["reset_password_sent_at", "[FILTERED]"], ["remember_created_at", nil], ["first_name", "Elena"], ["last_name", "Morisot"], ["username", "elena_morisot"], ["bio", "Contemporary abstract painter exploring color theory and emotional landscapes."], ["role", 1], ["created_at", "2026-02-05 21:19:53.798294"], ["updated_at", "2026-02-05 21:19:53.798294"]]
  [1m[36mTRANSACTION (0.8ms)[0m  [1m[36mcommit transaction[0m
  [1m[36mUser Load (0.2ms)[0m  [1m[34mSELECT "users".* FROM "users" WHERE "users"."email" = ? LIMIT ?[0m  [["email", "marcus@artsite.com"], ["LIMIT", 1]]
  [1m[36mTRANSACTION (0.2ms)[0m  [1m[36mbegin transaction[0m
  [1m[36mUser Exists? (2.2ms)[0m  [1m[34mSELECT 1 AS one FROM "users" WHERE "users"."email" = ? LIMIT ?[0m  [["email", "marcus@artsite.com"], ["LIMIT", 1]]
  [1m[36mUser Exists? (0.3ms)[0m  [1m[34mSELECT 1 AS one FROM "users" WHERE LOWER("users"."username") = LOWER(?) LIMIT ?[0m  [["username", "marcus_chen"], ["LIMIT", 1]]
  [1m[36mUser Create (0.4ms)[0m  [1m[32mINSERT INTO "users" ("email", "encrypted_password", "reset_password_token", "reset_password_sent_at", "remember_created_at", "first_name", "last_name", "username", "bio", "role", "created_at", "updated_at") VALUES (?, ?, ?, ?, ?, ?, ?, ?, ?, ?, ?, ?) RETURNING "id"[0m  [["email", "marcus@artsite.com"], ["encrypted_password", "[FILTERED]"], ["reset_password_token", "[FILTERED]"], ["reset_password_sent_at", "[FILTERED]"], ["remember_created_at", nil], ["first_name", "Marcus"], ["last_name", "Chen"], ["username", "marcus_chen"], ["bio", "Sculptor and installation artist working with recycled materials."], ["role", 1], ["created_at", "2026-02-05 21:19:54.082868"], ["updated_at", "2026-02-05 21:19:54.082868"]]
  [1m[36mTRANSACTION (0.9ms)[0m  [1m[36mcommit transaction[0m
  [1m[36mUser Load (0.3ms)[0m  [1m[34mSELECT "users".* FROM "users" WHERE "users"."email" = ? LIMIT ?[0m  [["email", "sofia@artsite.com"], ["LIMIT", 1]]
  [1m[36mTRANSACTION (0.1ms)[0m  [1m[36mbegin transaction[0m
  [1m[36mUser Exists? (1.7ms)[0m  [1m[34mSELECT 1 AS one FROM "users" WHERE "users"."email" = ? LIMIT ?[0m  [["email", "sofia@artsite.com"], ["LIMIT", 1]]
  [1m[36mUser Exists? (0.3ms)[0m  [1m[34mSELECT 1 AS one FROM "users" WHERE LOWER("users"."username") = LOWER(?) LIMIT ?[0m  [["username", "sofia_nakamura"], ["LIMIT", 1]]
  [1m[36mUser Create (0.4ms)[0m  [1m[32mINSERT INTO "users" ("email", "encrypted_password", "reset_password_token", "reset_password_sent_at", "remember_created_at", "first_name", "last_name", "username", "bio", "role", "created_at", "updated_at") VALUES (?, ?, ?, ?, ?, ?, ?, ?, ?, ?, ?, ?) RETURNING "id"[0m  [["email", "sofia@artsite.com"], ["encrypted_password", "[FILTERED]"], ["reset_password_token", "[FILTERED]"], ["reset_password_sent_at", "[FILTERED]"], ["remember_created_at", nil], ["first_name", "Sofia"], ["last_name", "Nakamura"], ["username", "sofia_nakamura"], ["bio", "Fine art photographer capturing urban decay and renewal."], ["role", 1], ["created_at", "2026-02-05 21:19:54.357619"], ["updated_at", "2026-02-05 21:19:54.357619"]]
  [1m[36mTRANSACTION (0.3ms)[0m  [1m[36mcommit transaction[0m
  [1m[36mUser Load (0.2ms)[0m  [1m[34mSELECT "users".* FROM "users" WHERE "users"."email" = ? LIMIT ?[0m  [["email", "james@artsite.com"], ["LIMIT", 1]]
  [1m[36mTRANSACTION (0.1ms)[0m  [1m[36mbegin transaction[0m
  [1m[36mUser Exists? (1.6ms)[0m  [1m[34mSELECT 1 AS one FROM "users" WHERE "users"."email" = ? LIMIT ?[0m  [["email", "james@artsite.com"], ["LIMIT", 1]]
  [1m[36mUser Exists? (0.3ms)[0m  [1m[34mSELECT 1 AS one FROM "users" WHERE LOWER("users"."username") = LOWER(?) LIMIT ?[0m  [["username", "james_okafor"], ["LIMIT", 1]]
  [1m[36mUser Create (0.6ms)[0m  [1m[32mINSERT INTO "users" ("email", "encrypted_password", "reset_password_token", "reset_password_sent_at", "remember_created_at", "first_name", "last_name", "username", "bio", "role", "created_at", "updated_at") VALUES (?, ?, ?, ?, ?, ?, ?, ?, ?, ?, ?, ?) RETURNING "id"[0m  [["email", "james@artsite.com"], ["encrypted_password", "[FILTERED]"], ["reset_password_token", "[FILTERED]"], ["reset_password_sent_at", "[FILTERED]"], ["remember_created_at", nil], ["first_name", "James"], ["last_name", "Okafor"], ["username", "james_okafor"], ["bio", "Digital artist blending traditional African motifs with futuristic themes."], ["role", 1], ["created_at", "2026-02-05 21:19:54.631580"], ["updated_at", "2026-02-05 21:19:54.631580"]]
  [1m[36mTRANSACTION (0.3ms)[0m  [1m[36mcommit transaction[0m
  [1m[36mUser Load (0.3ms)[0m  [1m[34mSELECT "users".* FROM "users" WHERE "users"."email" = ? LIMIT ?[0m  [["email", "lina@artsite.com"], ["LIMIT", 1]]
  [1m[36mTRANSACTION (0.1ms)[0m  [1m[36mbegin transaction[0m
  [1m[36mUser Exists? (1.7ms)[0m  [1m[34mSELECT 1 AS one FROM "users" WHERE "users"."email" = ? LIMIT ?[0m  [["email", "lina@artsite.com"], ["LIMIT", 1]]
  [1m[36mUser Exists? (0.1ms)[0m  [1m[34mSELECT 1 AS one FROM "users" WHERE LOWER("users"."username") = LOWER(?) LIMIT ?[0m  [["username", "lina_bergstrom"], ["LIMIT", 1]]
  [1m[36mUser Create (0.3ms)[0m  [1m[32mINSERT INTO "users" ("email", "encrypted_password", "reset_password_token", "reset_password_sent_at", "remember_created_at", "first_name", "last_name", "username", "bio", "role", "created_at", "updated_at") VALUES (?, ?, ?, ?, ?, ?, ?, ?, ?, ?, ?, ?) RETURNING "id"[0m  [["email", "lina@artsite.com"], ["encrypted_password", "[FILTERED]"], ["reset_password_token", "[FILTERED]"], ["reset_password_sent_at", "[FILTERED]"], ["remember_created_at", nil], ["first_name", "Lina"], ["last_name", "Bergstrom"], ["username", "lina_bergstrom"], ["bio", "Mixed media artist creating immersive textile installations."], ["role", 1], ["created_at", "2026-02-05 21:19:54.902356"], ["updated_at", "2026-02-05 21:19:54.902356"]]
  [1m[36mTRANSACTION (0.3ms)[0m  [1m[36mcommit transaction[0m
  [1m[36mUser Load (0.2ms)[0m  [1m[34mSELECT "users".* FROM "users" WHERE "users"."email" = ? LIMIT ?[0m  [["email", "collector@artsite.com"], ["LIMIT", 1]]
  [1m[36mTRANSACTION (0.3ms)[0m  [1m[36mbegin transaction[0m
  [1m[36mUser Exists? (1.8ms)[0m  [1m[34mSELECT 1 AS one FROM "users" WHERE "users"."email" = ? LIMIT ?[0m  [["email", "collector@artsite.com"], ["LIMIT", 1]]
  [1m[36mUser Exists? (0.1ms)[0m  [1m[34mSELECT 1 AS one FROM "users" WHERE LOWER("users"."username") = LOWER(?) LIMIT ?[0m  [["username", "artcollector"], ["LIMIT", 1]]
  [1m[36mUser Create (0.3ms)[0m  [1m[32mINSERT INTO "users" ("email", "encrypted_password", "reset_password_token", "reset_password_sent_at", "remember_created_at", "first_name", "last_name", "username", "bio", "role", "created_at", "updated_at") VALUES (?, ?, ?, ?, ?, ?, ?, ?, ?, ?, ?, ?) RETURNING "id"[0m  [["email", "collector@artsite.com"], ["encrypted_password", "[FILTERED]"], ["reset_password_token", "[FILTERED]"], ["reset_password_sent_at", "[FILTERED]"], ["remember_created_at", nil], ["first_name", "Alex"], ["last_name", "Rivera"], ["username", "artcollector"], ["bio", nil], ["role", 0], ["created_at", "2026-02-05 21:19:55.172003"], ["updated_at", "2026-02-05 21:19:55.172003"]]
  [1m[36mTRANSACTION (0.3ms)[0m  [1m[36mcommit transaction[0m
  [1m[36mCategory Load (0.1ms)[0m  [1m[34mSELECT "categories".* FROM "categories" WHERE "categories"."slug" = ? LIMIT ?[0m  [["slug", "painting"], ["LIMIT", 1]]
  [1m[36mCategory Load (0.1ms)[0m  [1m[34mSELECT "categories".* FROM "categories" WHERE "categories"."slug" = ? LIMIT ?[0m  [["slug", "sculpture"], ["LIMIT", 1]]
  [1m[36mCategory Load (0.1ms)[0m  [1m[34mSELECT "categories".* FROM "categories" WHERE "categories"."slug" = ? LIMIT ?[0m  [["slug", "photography"], ["LIMIT", 1]]
  [1m[36mCategory Load (0.1ms)[0m  [1m[34mSELECT "categories".* FROM "categories" WHERE "categories"."slug" = ? LIMIT ?[0m  [["slug", "digital-art"], ["LIMIT", 1]]
  [1m[36mCategory Load (0.1ms)[0m  [1m[34mSELECT "categories".* FROM "categories" WHERE "categories"."slug" = ? LIMIT ?[0m  [["slug", "drawing"], ["LIMIT", 1]]
  [1m[36mCategory Load (0.1ms)[0m  [1m[34mSELECT "categories".* FROM "categories" WHERE "categories"."slug" = ? LIMIT ?[0m  [["slug", "mixed-media"], ["LIMIT", 1]]
  [1m[36mArtwork Load (0.2ms)[0m  [1m[34mSELECT "artworks".* FROM "artworks" WHERE "artworks"."title" = ? LIMIT ?[0m  [["title", "Crimson Horizon"], ["LIMIT", 1]]
  [1m[36mTRANSACTION (0.1ms)[0m  [1m[36mbegin transaction[0m
  [1m[36mArtwork Exists? (0.3ms)[0m  [1m[34mSELECT 1 AS one FROM "artworks" WHERE "artworks"."slug" = ? LIMIT ?[0m  [["slug", "crimson-horizon"], ["LIMIT", 1]]
  ↳ app/models/artwork.rb:33:in `generate_slug'
  [1m[36mArtwork Exists? (0.2ms)[0m  [1m[34mSELECT 1 AS one FROM "artworks" WHERE "artworks"."slug" = ? LIMIT ?[0m  [["slug", "crimson-horizon"], ["LIMIT", 1]]
  [1m[36mArtwork Create (0.5ms)[0m  [1m[32mINSERT INTO "artworks" ("title", "description", "artist_id", "category_id", "medium", "dimensions", "year", "slug", "featured", "status", "created_at", "updated_at") VALUES (?, ?, ?, ?, ?, ?, ?, ?, ?, ?, ?, ?) RETURNING "id"[0m  [["title", "Crimson Horizon"], ["description", "An expansive abstract landscape exploring the boundary between earth and sky at dusk. Layers of crimson, gold, and deep indigo create a meditative atmosphere."], ["artist_id", 2], ["category_id", 1], ["medium", "Oil on Canvas"], ["dimensions", "48 x 72 in"], ["year", 2024], ["slug", "crimson-horizon"], ["featured", 1], ["status", 1], ["created_at", "2026-02-05 21:19:55.388608"], ["updated_at", "2026-02-05 21:19:55.388608"]]
  [1m[36mTRANSACTION (0.4ms)[0m  [1m[36mcommit transaction[0m
  [1m[36mArtwork Load (0.2ms)[0m  [1m[34mSELECT "artworks".* FROM "artworks" WHERE "artworks"."title" = ? LIMIT ?[0m  [["title", "Whispers of Light"], ["LIMIT", 1]]
  [1m[36mTRANSACTION (0.2ms)[0m  [1m[36mbegin transaction[0m
  ↳ app/models/artwork.rb:33:in `generate_slug'
  [1m[36mArtwork Exists? (1.1ms)[0m  [1m[34mSELECT 1 AS one FROM "artworks" WHERE "artworks"."slug" = ? LIMIT ?[0m  [["slug", "whispers-of-light"], ["LIMIT", 1]]
  ↳ app/models/artwork.rb:33:in `generate_slug'
  [1m[36mArtwork Exists? (0.1ms)[0m  [1m[34mSELECT 1 AS one FROM "artworks" WHERE "artworks"."slug" = ? LIMIT ?[0m  [["slug", "whispers-of-light"], ["LIMIT", 1]]
  [1m[36mArtwork Create (0.4ms)[0m  [1m[32mINSERT INTO "artworks" ("title", "description", "artist_id", "category_id", "medium", "dimensions", "year", "slug", "featured", "status", "created_at", "updated_at") VALUES (?, ?, ?, ?, ?, ?, ?, ?, ?, ?, ?, ?) RETURNING "id"[0m  [["title", "Whispers of Light"], ["description", "Delicate interplay of translucent color washes suggesting morning light filtering through leaves."], ["artist_id", 2], ["category_id", 1], ["medium", "Watercolor on Paper"], ["dimensions", "24 x 30 in"], ["year", 2024], ["slug", "whispers-of-light"], ["featured", 1], ["status", 1], ["created_at", "2026-02-05 21:19:55.396026"], ["updated_at", "2026-02-05 21:19:55.396026"]]
  [1m[36mTRANSACTION (0.4ms)[0m  [1m[36mcommit transaction[0m
  [1m[36mArtwork Load (0.1ms)[0m  [1m[34mSELECT "artworks".* FROM "artworks" WHERE "artworks"."title" = ? LIMIT ?[0m  [["title", "Urban Fragment #7"], ["LIMIT", 1]]
  [1m[36mTRANSACTION (0.1ms)[0m  [1m[36mbegin transaction[0m
  ↳ app/models/artwork.rb:33:in `generate_slug'
  [1m[36mArtwork Exists? (1.1ms)[0m  [1m[34mSELECT 1 AS one FROM "artworks" WHERE "artworks"."slug" = ? LIMIT ?[0m  [["slug", "urban-fragment-7"], ["LIMIT", 1]]
  ↳ app/models/artwork.rb:33:in `generate_slug'
  [1m[36mArtwork Exists? (0.2ms)[0m  [1m[34mSELECT 1 AS one FROM "artworks" WHERE "artworks"."slug" = ? LIMIT ?[0m  [["slug", "urban-fragment-7"], ["LIMIT", 1]]
  [1m[36mArtwork Create (0.3ms)[0m  [1m[32mINSERT INTO "artworks" ("title", "description", "artist_id", "category_id", "medium", "dimensions", "year", "slug", "featured", "status", "created_at", "updated_at") VALUES (?, ?, ?, ?, ?, ?, ?, ?, ?, ?, ?, ?) RETURNING "id"[0m  [["title", "Urban Fragment #7"], ["description", "Part of a series examining the overlooked geometry of city infrastructure."], ["artist_id", 2], ["category_id", 1], ["medium", "Acrylic on Panel"], ["dimensions", "36 x 36 in"], ["year", 2023], ["slug", "urban-fragment-7"], ["featured", 0], ["status", 1], ["created_at", "2026-02-05 21:19:55.404585"], ["updated_at", "2026-02-05 21:19:55.404585"]]
  [1m[36mTRANSACTION (0.6ms)[0m  [1m[36mcommit transaction[0m
  [1m[36mArtwork Load (0.1ms)[0m  [1m[34mSELECT "artworks".* FROM "artworks" WHERE "artworks"."title" = ? LIMIT ?[0m  [["title", "Emergence"], ["LIMIT", 1]]
  [1m[36mTRANSACTION (0.1ms)[0m  [1m[36mbegin transaction[0m
  ↳ app/models/artwork.rb:33:in `generate_slug'
  [1m[36mArtwork Exists? (1.2ms)[0m  [1m[34mSELECT 1 AS one FROM "artworks" WHERE "artworks"."slug" = ? LIMIT ?[0m  [["slug", "emergence"], ["LIMIT", 1]]
  ↳ app/models/artwork.rb:33:in `generate_slug'
  [1m[36mArtwork Exists? (0.1ms)[0m  [1m[34mSELECT 1 AS one FROM "artworks" WHERE "artworks"."slug" = ? LIMIT ?[0m  [["slug", "emergence"], ["LIMIT", 1]]
  [1m[36mArtwork Create (0.6ms)[0m  [1m[32mINSERT INTO "artworks" ("title", "description", "artist_id", "category_id", "medium", "dimensions", "year", "slug", "featured", "status", "created_at", "updated_at") VALUES (?, ?, ?, ?, ?, ?, ?, ?, ?, ?, ?, ?) RETURNING "id"[0m  [["title", "Emergence"], ["description", "A flowing organic form rising from a rough-hewn base, symbolizing growth from adversity."], ["artist_id", 3], ["category_id", 2], ["medium", "Welded Steel"], ["dimensions", "42 x 18 x 18 in"], ["year", 2024], ["slug", "emergence"], ["featured", 1], ["status", 1], ["created_at", "2026-02-05 21:19:55.411651"], ["updated_at", "2026-02-05 21:19:55.411651"]]
  [1m[36mTRANSACTION (0.5ms)[0m  [1m[36mcommit transaction[0m
  [1m[36mArtwork Load (0.2ms)[0m  [1m[34mSELECT "artworks".* FROM "artworks" WHERE "artworks"."title" = ? LIMIT ?[0m  [["title", "Tide Memory"], ["LIMIT", 1]]
  [1m[36mTRANSACTION (0.1ms)[0m  [1m[36mbegin transaction[0m
  ↳ app/models/artwork.rb:33:in `generate_slug'
  [1m[36mArtwork Exists? (0.7ms)[0m  [1m[34mSELECT 1 AS one FROM "artworks" WHERE "artworks"."slug" = ? LIMIT ?[0m  [["slug", "tide-memory"], ["LIMIT", 1]]
  ↳ app/models/artwork.rb:33:in `generate_slug'
  [1m[36mArtwork Exists? (0.1ms)[0m  [1m[34mSELECT 1 AS one FROM "artworks" WHERE "artworks"."slug" = ? LIMIT ?[0m  [["slug", "tide-memory"], ["LIMIT", 1]]
  [1m[36mArtwork Create (0.3ms)[0m  [1m[32mINSERT INTO "artworks" ("title", "description", "artist_id", "category_id", "medium", "dimensions", "year", "slug", "featured", "status", "created_at", "updated_at") VALUES (?, ?, ?, ?, ?, ?, ?, ?, ?, ?, ?, ?) RETURNING "id"[0m  [["title", "Tide Memory"], ["description", "Cast bronze forms inspired by tidal patterns observed over a year of coastal study."], ["artist_id", 3], ["category_id", 2], ["medium", "Bronze"], ["dimensions", "30 x 24 x 24 in"], ["year", 2023], ["slug", "tide-memory"], ["featured", 0], ["status", 1], ["created_at", "2026-02-05 21:19:55.418261"], ["updated_at", "2026-02-05 21:19:55.418261"]]
  [1m[36mTRANSACTION (0.3ms)[0m  [1m[36mcommit transaction[0m
  [1m[36mArtwork Load (0.1ms)[0m  [1m[34mSELECT "artworks".* FROM "artworks" WHERE "artworks"."title" = ? LIMIT ?[0m  [["title", "Abandoned Symphony"], ["LIMIT", 1]]
  [1m[36mTRANSACTION (0.1ms)[0m  [1m[36mbegin transaction[0m
  ↳ app/models/artwork.rb:33:in `generate_slug'
  [1m[36mArtwork Exists? (1.4ms)[0m  [1m[34mSELECT 1 AS one FROM "artworks" WHERE "artworks"."slug" = ? LIMIT ?[0m  [["slug", "abandoned-symphony"], ["LIMIT", 1]]
  ↳ app/models/artwork.rb:33:in `generate_slug'
  [1m[36mArtwork Exists? (0.1ms)[0m  [1m[34mSELECT 1 AS one FROM "artworks" WHERE "artworks"."slug" = ? LIMIT ?[0m  [["slug", "abandoned-symphony"], ["LIMIT", 1]]
  [1m[36mArtwork Create (0.3ms)[0m  [1m[32mINSERT INTO "artworks" ("title", "description", "artist_id", "category_id", "medium", "dimensions", "year", "slug", "featured", "status", "created_at", "updated_at") VALUES (?, ?, ?, ?, ?, ?, ?, ?, ?, ?, ?, ?) RETURNING "id"[0m  [["title", "Abandoned Symphony"], ["description", "A decaying concert hall captured in stark monochrome, revealing beauty in deterioration."], ["artist_id", 4], ["category_id", 3], ["medium", "Archival Pigment Print"], ["dimensions", "40 x 60 in"], ["year", 2024], ["slug", "abandoned-symphony"], ["featured", 1], ["status", 1], ["created_at", "2026-02-05 21:19:55.425115"], ["updated_at", "2026-02-05 21:19:55.425115"]]
  [1m[36mTRANSACTION (0.3ms)[0m  [1m[36mcommit transaction[0m
  [1m[36mArtwork Load (0.1ms)[0m  [1m[34mSELECT "artworks".* FROM "artworks" WHERE "artworks"."title" = ? LIMIT ?[0m  [["title", "Neon Solitude"], ["LIMIT", 1]]
  [1m[36mTRANSACTION (0.1ms)[0m  [1m[36mbegin transaction[0m
  ↳ app/models/artwork.rb:33:in `generate_slug'
  [1m[36mArtwork Exists? (0.8ms)[0m  [1m[34mSELECT 1 AS one FROM "artworks" WHERE "artworks"."slug" = ? LIMIT ?[0m  [["slug", "neon-solitude"], ["LIMIT", 1]]
  ↳ app/models/artwork.rb:33:in `generate_slug'
  [1m[36mArtwork Exists? (0.1ms)[0m  [1m[34mSELECT 1 AS one FROM "artworks" WHERE "artworks"."slug" = ? LIMIT ?[0m  [["slug", "neon-solitude"], ["LIMIT", 1]]
  [1m[36mArtwork Create (0.5ms)[0m  [1m[32mINSERT INTO "artworks" ("title", "description", "artist_id", "category_id", "medium", "dimensions", "year", "slug", "featured", "status", "created_at", "updated_at") VALUES (?, ?, ?, ?, ?, ?, ?, ?, ?, ?, ?, ?) RETURNING "id"[0m  [["title", "Neon Solitude"], ["description", "A lone figure beneath flickering neon signs in a rain-slicked Tokyo alley."], ["artist_id", 4], ["category_id", 3], ["medium", "C-Print"], ["dimensions", "30 x 45 in"], ["year", 2024], ["slug", "neon-solitude"], ["featured", 1], ["status", 1], ["created_at", "2026-02-05 21:19:55.440042"], ["updated_at", "2026-02-05 21:19:55.440042"]]
  [1m[36mTRANSACTION (0.2ms)[0m  [1m[36mcommit transaction[0m
  [1m[36mArtwork Load (0.2ms)[0m  [1m[34mSELECT "artworks".* FROM "artworks" WHERE "artworks"."title" = ? LIMIT ?[0m  [["title", "Glass Cathedral"], ["LIMIT", 1]]
  [1m[36mTRANSACTION (0.2ms)[0m  [1m[36mbegin transaction[0m
  ↳ app/models/artwork.rb:33:in `generate_slug'
  [1m[36mArtwork Exists? (1.4ms)[0m  [1m[34mSELECT 1 AS one FROM "artworks" WHERE "artworks"."slug" = ? LIMIT ?[0m  [["slug", "glass-cathedral"], ["LIMIT", 1]]
  ↳ app/models/artwork.rb:33:in `generate_slug'
  [1m[36mArtwork Exists? (0.1ms)[0m  [1m[34mSELECT 1 AS one FROM "artworks" WHERE "artworks"."slug" = ? LIMIT ?[0m  [["slug", "glass-cathedral"], ["LIMIT", 1]]
  [1m[36mArtwork Create (0.2ms)[0m  [1m[32mINSERT INTO "artworks" ("title", "description", "artist_id", "category_id", "medium", "dimensions", "year", "slug", "featured", "status", "created_at", "updated_at") VALUES (?, ?, ?, ?, ?, ?, ?, ?, ?, ?, ?, ?) RETURNING "id"[0m  [["title", "Glass Cathedral"], ["description", "An abandoned greenhouse transformed by time and nature into a cathedral of light."], ["artist_id", 4], ["category_id", 3], ["medium", "Archival Print"], ["dimensions", "36 x 48 in"], ["year", 2023], ["slug", "glass-cathedral"], ["featured", 0], ["status", 1], ["created_at", "2026-02-05 21:19:55.446580"], ["updated_at", "2026-02-05 21:19:55.446580"]]
  [1m[36mTRANSACTION (0.4ms)[0m  [1m[36mcommit transaction[0m
  [1m[36mArtwork Load (0.2ms)[0m  [1m[34mSELECT "artworks".* FROM "artworks" WHERE "artworks"."title" = ? LIMIT ?[0m  [["title", "Afrofuture Genesis"], ["LIMIT", 1]]
  [1m[36mTRANSACTION (0.1ms)[0m  [1m[36mbegin transaction[0m
  ↳ app/models/artwork.rb:33:in `generate_slug'
  [1m[36mArtwork Exists? (1.2ms)[0m  [1m[34mSELECT 1 AS one FROM "artworks" WHERE "artworks"."slug" = ? LIMIT ?[0m  [["slug", "afrofuture-genesis"], ["LIMIT", 1]]
  ↳ app/models/artwork.rb:33:in `generate_slug'
  [1m[36mArtwork Exists? (0.2ms)[0m  [1m[34mSELECT 1 AS one FROM "artworks" WHERE "artworks"."slug" = ? LIMIT ?[0m  [["slug", "afrofuture-genesis"], ["LIMIT", 1]]
  [1m[36mArtwork Create (0.2ms)[0m  [1m[32mINSERT INTO "artworks" ("title", "description", "artist_id", "category_id", "medium", "dimensions", "year", "slug", "featured", "status", "created_at", "updated_at") VALUES (?, ?, ?, ?, ?, ?, ?, ?, ?, ?, ?, ?) RETURNING "id"[0m  [["title", "Afrofuture Genesis"], ["description", "A vibrant digital composition blending Yoruba symbolism with science fiction aesthetics."], ["artist_id", 5], ["category_id", 4], ["medium", "Digital Print"], ["dimensions", "36 x 48 in"], ["year", 2024], ["slug", "afrofuture-genesis"], ["featured", 1], ["status", 1], ["created_at", "2026-02-05 21:19:55.454508"], ["updated_at", "2026-02-05 21:19:55.454508"]]
  [1m[36mTRANSACTION (0.3ms)[0m  [1m[36mcommit transaction[0m
  [1m[36mArtwork Load (0.2ms)[0m  [1m[34mSELECT "artworks".* FROM "artworks" WHERE "artworks"."title" = ? LIMIT ?[0m  [["title", "Neural Garden"], ["LIMIT", 1]]
  [1m[36mTRANSACTION (0.1ms)[0m  [1m[36mbegin transaction[0m
  ↳ app/models/artwork.rb:33:in `generate_slug'
  [1m[36mArtwork Exists? (1.2ms)[0m  [1m[34mSELECT 1 AS one FROM "artworks" WHERE "artworks"."slug" = ? LIMIT ?[0m  [["slug", "neural-garden"], ["LIMIT", 1]]
  ↳ app/models/artwork.rb:33:in `generate_slug'
  [1m[36mArtwork Exists? (0.2ms)[0m  [1m[34mSELECT 1 AS one FROM "artworks" WHERE "artworks"."slug" = ? LIMIT ?[0m  [["slug", "neural-garden"], ["LIMIT", 1]]
  [1m[36mArtwork Create (0.4ms)[0m  [1m[32mINSERT INTO "artworks" ("title", "description", "artist_id", "category_id", "medium", "dimensions", "year", "slug", "featured", "status", "created_at", "updated_at") VALUES (?, ?, ?, ?, ?, ?, ?, ?, ?, ?, ?, ?) RETURNING "id"[0m  [["title", "Neural Garden"], ["description", "An AI-assisted exploration of biological growth patterns rendered in vivid color."], ["artist_id", 5], ["category_id", 4], ["medium", "Digital Print on Aluminum"], ["dimensions", "40 x 40 in"], ["year", 2024], ["slug", "neural-garden"], ["featured", 0], ["status", 1], ["created_at", "2026-02-05 21:19:55.461435"], ["updated_at", "2026-02-05 21:19:55.461435"]]
  [1m[36mTRANSACTION (0.4ms)[0m  [1m[36mcommit transaction[0m
  [1m[36mArtwork Load (0.2ms)[0m  [1m[34mSELECT "artworks".* FROM "artworks" WHERE "artworks"."title" = ? LIMIT ?[0m  [["title", "Code Poetry #3"], ["LIMIT", 1]]
  [1m[36mTRANSACTION (0.1ms)[0m  [1m[36mbegin transaction[0m
  ↳ app/models/artwork.rb:33:in `generate_slug'
  [1m[36mArtwork Exists? (0.8ms)[0m  [1m[34mSELECT 1 AS one FROM "artworks" WHERE "artworks"."slug" = ? LIMIT ?[0m  [["slug", "code-poetry-3"], ["LIMIT", 1]]
  ↳ app/models/artwork.rb:33:in `generate_slug'
  [1m[36mArtwork Exists? (0.2ms)[0m  [1m[34mSELECT 1 AS one FROM "artworks" WHERE "artworks"."slug" = ? LIMIT ?[0m  [["slug", "code-poetry-3"], ["LIMIT", 1]]
  [1m[36mArtwork Create (0.6ms)[0m  [1m[32mINSERT INTO "artworks" ("title", "description", "artist_id", "category_id", "medium", "dimensions", "year", "slug", "featured", "status", "created_at", "updated_at") VALUES (?, ?, ?, ?, ?, ?, ?, ?, ?, ?, ?, ?) RETURNING "id"[0m  [["title", "Code Poetry #3"], ["description", "Generative art piece derived from algorithmic poetry, printed on hand-made paper."], ["artist_id", 5], ["category_id", 4], ["medium", "Giclée Print"], ["dimensions", "24 x 32 in"], ["year", 2023], ["slug", "code-poetry-3"], ["featured", 0], ["status", 1], ["created_at", "2026-02-05 21:19:55.469811"], ["updated_at", "2026-02-05 21:19:55.469811"]]
  [1m[36mTRANSACTION (0.2ms)[0m  [1m[36mcommit transaction[0m
  [1m[36mArtwork Load (0.1ms)[0m  [1m[34mSELECT "artworks".* FROM "artworks" WHERE "artworks"."title" = ? LIMIT ?[0m  [["title", "Woven Histories"], ["LIMIT", 1]]
  [1m[36mTRANSACTION (0.1ms)[0m  [1m[36mbegin transaction[0m
  ↳ app/models/artwork.rb:33:in `generate_slug'
  [1m[36mArtwork Exists? (1.0ms)[0m  [1m[34mSELECT 1 AS one FROM "artworks" WHERE "artworks"."slug" = ? LIMIT ?[0m  [["slug", "woven-histories"], ["LIMIT", 1]]
  ↳ app/models/artwork.rb:33:in `generate_slug'
  [1m[36mArtwork Exists? (0.3ms)[0m  [1m[34mSELECT 1 AS one FROM "artworks" WHERE "artworks"."slug" = ? LIMIT ?[0m  [["slug", "woven-histories"], ["LIMIT", 1]]
  [1m[36mArtwork Create (0.2ms)[0m  [1m[32mINSERT INTO "artworks" ("title", "description", "artist_id", "category_id", "medium", "dimensions", "year", "slug", "featured", "status", "created_at", "updated_at") VALUES (?, ?, ?, ?, ?, ?, ?, ?, ?, ?, ?, ?) RETURNING "id"[0m  [["title", "Woven Histories"], ["description", "A large-scale textile installation incorporating found fabrics from five continents."], ["artist_id", 6], ["category_id", 7], ["medium", "Mixed Textiles"], ["dimensions", "96 x 120 in"], ["year", 2024], ["slug", "woven-histories"], ["featured", 0], ["status", 1], ["created_at", "2026-02-05 21:19:55.476464"], ["updated_at", "2026-02-05 21:19:55.476464"]]
  [1m[36mTRANSACTION (0.3ms)[0m  [1m[36mcommit transaction[0m
  [1m[36mArtwork Load (0.2ms)[0m  [1m[34mSELECT "artworks".* FROM "artworks" WHERE "artworks"."title" = ? LIMIT ?[0m  [["title", "Between Worlds"], ["LIMIT", 1]]
  [1m[36mTRANSACTION (0.1ms)[0m  [1m[36mbegin transaction[0m
  ↳ app/models/artwork.rb:33:in `generate_slug'
  [1m[36mArtwork Exists? (1.1ms)[0m  [1m[34mSELECT 1 AS one FROM "artworks" WHERE "artworks"."slug" = ? LIMIT ?[0m  [["slug", "between-worlds"], ["LIMIT", 1]]
  ↳ app/models/artwork.rb:33:in `generate_slug'
  [1m[36mArtwork Exists? (0.1ms)[0m  [1m[34mSELECT 1 AS one FROM "artworks" WHERE "artworks"."slug" = ? LIMIT ?[0m  [["slug", "between-worlds"], ["LIMIT", 1]]
  [1m[36mArtwork Create (0.4ms)[0m  [1m[32mINSERT INTO "artworks" ("title", "description", "artist_id", "category_id", "medium", "dimensions", "year", "slug", "featured", "status", "created_at", "updated_at") VALUES (?, ?, ?, ?, ?, ?, ?, ?, ?, ?, ?, ?) RETURNING "id"[0m  [["title", "Between Worlds"], ["description", "Layered mixed media piece combining photography, embroidery, and natural pigments."], ["artist_id", 6], ["category_id", 7], ["medium", "Mixed Media on Panel"], ["dimensions", "48 x 36 in"], ["year", 2024], ["slug", "between-worlds"], ["featured", 0], ["status", 1], ["created_at", "2026-02-05 21:19:55.485497"], ["updated_at", "2026-02-05 21:19:55.485497"]]
  [1m[36mTRANSACTION (0.5ms)[0m  [1m[36mcommit transaction[0m
  [1m[36mArtwork Load (0.1ms)[0m  [1m[34mSELECT "artworks".* FROM "artworks" WHERE "artworks"."title" = ? LIMIT ?[0m  [["title", "Quiet Study"], ["LIMIT", 1]]
  [1m[36mTRANSACTION (0.1ms)[0m  [1m[36mbegin transaction[0m
  ↳ app/models/artwork.rb:33:in `generate_slug'
  [1m[36mArtwork Exists? (0.7ms)[0m  [1m[34mSELECT 1 AS one FROM "artworks" WHERE "artworks"."slug" = ? LIMIT ?[0m  [["slug", "quiet-study"], ["LIMIT", 1]]
  ↳ app/models/artwork.rb:33:in `generate_slug'
  [1m[36mArtwork Exists? (0.2ms)[0m  [1m[34mSELECT 1 AS one FROM "artworks" WHERE "artworks"."slug" = ? LIMIT ?[0m  [["slug", "quiet-study"], ["LIMIT", 1]]
  [1m[36mArtwork Create (0.2ms)[0m  [1m[32mINSERT INTO "artworks" ("title", "description", "artist_id", "category_id", "medium", "dimensions", "year", "slug", "featured", "status", "created_at", "updated_at") VALUES (?, ?, ?, ?, ?, ?, ?, ?, ?, ?, ?, ?) RETURNING "id"[0m  [["title", "Quiet Study"], ["description", "A contemplative charcoal drawing of hands at rest, part of the Stillness series."], ["artist_id", 2], ["category_id", 5], ["medium", "Charcoal on Paper"], ["dimensions", "18 x 24 in"], ["year", 2023], ["slug", "quiet-study"], ["featured", 0], ["status", 1], ["created_at", "2026-02-05 21:19:55.492070"], ["updated_at", "2026-02-05 21:19:55.492070"]]
  [1m[36mTRANSACTION (0.3ms)[0m  [1m[36mcommit transaction[0m
  [1m[36mArtwork Load (0.2ms)[0m  [1m[34mSELECT "artworks".* FROM "artworks" WHERE "artworks"."title" = ? LIMIT ?[0m  [["title", "Fragments of Tomorrow"], ["LIMIT", 1]]
  [1m[36mTRANSACTION (0.1ms)[0m  [1m[36mbegin transaction[0m
  ↳ app/models/artwork.rb:33:in `generate_slug'
  [1m[36mArtwork Exists? (0.7ms)[0m  [1m[34mSELECT 1 AS one FROM "artworks" WHERE "artworks"."slug" = ? LIMIT ?[0m  [["slug", "fragments-of-tomorrow"], ["LIMIT", 1]]
  ↳ app/models/artwork.rb:33:in `generate_slug'
  [1m[36mArtwork Exists? (0.1ms)[0m  [1m[34mSELECT 1 AS one FROM "artworks" WHERE "artworks"."slug" = ? LIMIT ?[0m  [["slug", "fragments-of-tomorrow"], ["LIMIT", 1]]
  [1m[36mArtwork Create (0.2ms)[0m  [1m[32mINSERT INTO "artworks" ("title", "description", "artist_id", "category_id", "medium", "dimensions", "year", "slug", "featured", "status", "created_at", "updated_at") VALUES (?, ?, ?, ?, ?, ?, ?, ?, ?, ?, ?, ?) RETURNING "id"[0m  [["title", "Fragments of Tomorrow"], ["description", "Abstract ink drawing exploring themes of time, memory, and anticipation."], ["artist_id", 5], ["category_id", 5], ["medium", "Ink on Paper"], ["dimensions", "22 x 30 in"], ["year", 2024], ["slug", "fragments-of-tomorrow"], ["featured", 0], ["status", 1], ["created_at", "2026-02-05 21:19:55.497757"], ["updated_at", "2026-02-05 21:19:55.497757"]]
  [1m[36mTRANSACTION (0.2ms)[0m  [1m[36mcommit transaction[0m
  [1m[36mAuction Load (0.3ms)[0m  [1m[34mSELECT "auctions".* FROM "auctions" WHERE "auctions"."artwork_id" = ? LIMIT ?[0m  [["artwork_id", 7], ["LIMIT", 1]]
  [1m[36mTRANSACTION (0.1ms)[0m  [1m[36mbegin transaction[0m
  [1m[36mAuction Create (0.3ms)[0m  [1m[32mINSERT INTO "auctions" ("artwork_id", "seller_id", "starting_price", "reserve_price", "current_price", "starts_at", "ends_at", "status", "bids_count", "created_at", "updated_at") VALUES (?, ?, ?, ?, ?, ?, ?, ?, ?, ?, ?) RETURNING "id"[0m  [["artwork_id", 7], ["seller_id", 4], ["starting_price", 50.0], ["reserve_price", nil], ["current_price", 50.0], ["starts_at", "2026-02-04 21:19:55.499828"], ["ends_at", "2026-02-16 21:19:55.499962"], ["status", 1], ["bids_count", 0], ["created_at", "2026-02-05 21:19:55.549090"], ["updated_at", "2026-02-05 21:19:55.549090"]]
  [1m[36mTRANSACTION (0.3ms)[0m  [1m[36mcommit transaction[0m
  [1m[36mAuction Load (0.1ms)[0m  [1m[34mSELECT "auctions".* FROM "auctions" WHERE "auctions"."artwork_id" = ? LIMIT ?[0m  [["artwork_id", 4], ["LIMIT", 1]]
  [1m[36mTRANSACTION (0.1ms)[0m  [1m[36mbegin transaction[0m
  [1m[36mAuction Create (1.5ms)[0m  [1m[32mINSERT INTO "auctions" ("artwork_id", "seller_id", "starting_price", "reserve_price", "current_price", "starts_at", "ends_at", "status", "bids_count", "created_at", "updated_at") VALUES (?, ?, ?, ?, ?, ?, ?, ?, ?, ?, ?) RETURNING "id"[0m  [["artwork_id", 4], ["seller_id", 3], ["starting_price", 100.0], ["reserve_price", nil], ["current_price", 100.0], ["starts_at", "2026-02-02 21:19:55.551538"], ["ends_at", "2026-02-19 21:19:55.551631"], ["status", 1], ["bids_count", 0], ["created_at", "2026-02-05 21:19:55.553318"], ["updated_at", "2026-02-05 21:19:55.553318"]]
  [1m[36mTRANSACTION (0.4ms)[0m  [1m[36mcommit transaction[0m
  [1m[36mAuction Load (0.1ms)[0m  [1m[34mSELECT "auctions".* FROM "auctions" WHERE "auctions"."artwork_id" = ? LIMIT ?[0m  [["artwork_id", 12], ["LIMIT", 1]]
  [1m[36mTRANSACTION (0.1ms)[0m  [1m[36mbegin transaction[0m
  [1m[36mAuction Create (1.4ms)[0m  [1m[32mINSERT INTO "auctions" ("artwork_id", "seller_id", "starting_price", "reserve_price", "current_price", "starts_at", "ends_at", "status", "bids_count", "created_at", "updated_at") VALUES (?, ?, ?, ?, ?, ?, ?, ?, ?, ?, ?) RETURNING "id"[0m  [["artwork_id", 12], ["seller_id", 6], ["starting_price", 200.0], ["reserve_price", nil], ["current_price", 200.0], ["starts_at", "2026-02-01 21:19:55.557337"], ["ends_at", "2026-02-12 21:19:55.557418"], ["status", 1], ["bids_count", 0], ["created_at", "2026-02-05 21:19:55.558865"], ["updated_at", "2026-02-05 21:19:55.558865"]]
  [1m[36mTRANSACTION (0.3ms)[0m  [1m[36mcommit transaction[0m
  [1m[36mAuction Load (0.1ms)[0m  [1m[34mSELECT "auctions".* FROM "auctions" WHERE "auctions"."artwork_id" = ? LIMIT ?[0m  [["artwork_id", 13], ["LIMIT", 1]]
  [1m[36mTRANSACTION (0.1ms)[0m  [1m[36mbegin transaction[0m
  [1m[36mAuction Create (1.0ms)[0m  [1m[32mINSERT INTO "auctions" ("artwork_id", "seller_id", "starting_price", "reserve_price", "current_price", "starts_at", "ends_at", "status", "bids_count", "created_at", "updated_at") VALUES (?, ?, ?, ?, ?, ?, ?, ?, ?, ?, ?) RETURNING "id"[0m  [["artwork_id", 13], ["seller_id", 6], ["starting_price", 500.0], ["reserve_price", nil], ["current_price", 500.0], ["starts_at", "2026-02-04 21:19:55.562103"], ["ends_at", "2026-02-17 21:19:55.562178"], ["status", 1], ["bids_count", 0], ["created_at", "2026-02-05 21:19:55.563575"], ["updated_at", "2026-02-05 21:19:55.563575"]]
  [1m[36mTRANSACTION (0.3ms)[0m  [1m[36mcommit transaction[0m
  [1m[36mAuction Load (0.1ms)[0m  [1m[34mSELECT "auctions".* FROM "auctions" WHERE "auctions"."artwork_id" = ? LIMIT ?[0m  [["artwork_id", 14], ["LIMIT", 1]]
  [1m[36mTRANSACTION (0.1ms)[0m  [1m[36mbegin transaction[0m
  [1m[36mAuction Create (1.1ms)[0m  [1m[32mINSERT INTO "auctions" ("artwork_id", "seller_id", "starting_price", "reserve_price", "current_price", "starts_at", "ends_at", "status", "bids_count", "created_at", "updated_at") VALUES (?, ?, ?, ?, ?, ?, ?, ?, ?, ?, ?) RETURNING "id"[0m  [["artwork_id", 14], ["seller_id", 2], ["starting_price", 1000.0], ["reserve_price", nil], ["current_price", 1000.0], ["starts_at", "2026-02-03 21:19:55.566445"], ["ends_at", "2026-02-11 21:19:55.566515"], ["status", 1], ["bids_count", 0], ["created_at", "2026-02-05 21:19:55.567773"], ["updated_at", "2026-02-05 21:19:55.567773"]]
  [1m[36mTRANSACTION (0.4ms)[0m  [1m[36mcommit transaction[0m
  [1m[36mAuction Load (0.2ms)[0m  [1m[34mSELECT "auctions".* FROM "auctions" WHERE "auctions"."artwork_id" = ? LIMIT ?[0m  [["artwork_id", 6], ["LIMIT", 1]]
  [1m[36mTRANSACTION (0.1ms)[0m  [1m[36mbegin transaction[0m
  [1m[36mAuction Create (1.1ms)[0m  [1m[32mINSERT INTO "auctions" ("artwork_id", "seller_id", "starting_price", "reserve_price", "current_price", "starts_at", "ends_at", "status", "bids_count", "created_at", "updated_at") VALUES (?, ?, ?, ?, ?, ?, ?, ?, ?, ?, ?) RETURNING "id"[0m  [["artwork_id", 6], ["seller_id", 4], ["starting_price", 250.0], ["reserve_price", nil], ["current_price", 250.0], ["starts_at", "2026-02-01 21:19:55.572090"], ["ends_at", "2026-02-14 21:19:55.572167"], ["status", 1], ["bids_count", 0], ["created_at", "2026-02-05 21:19:55.573589"], ["updated_at", "2026-02-05 21:19:55.573589"]]
  [1m[36mTRANSACTION (0.4ms)[0m  [1m[36mcommit transaction[0m
  [1m[36mAuction Load (0.1ms)[0m  [1m[34mSELECT "auctions".* FROM "auctions" WHERE "auctions"."artwork_id" = ? LIMIT ?[0m  [["artwork_id", 5], ["LIMIT", 1]]
  [1m[36mTRANSACTION (0.1ms)[0m  [1m[36mbegin transaction[0m
  [1m[36mAuction Create (1.4ms)[0m  [1m[32mINSERT INTO "auctions" ("artwork_id", "seller_id", "starting_price", "reserve_price", "current_price", "starts_at", "ends_at", "status", "bids_count", "created_at", "updated_at") VALUES (?, ?, ?, ?, ?, ?, ?, ?, ?, ?, ?) RETURNING "id"[0m  [["artwork_id", 5], ["seller_id", 3], ["starting_price", 150.0], ["reserve_price", nil], ["current_price", 150.0], ["starts_at", "2026-02-03 21:19:55.576904"], ["ends_at", "2026-02-06 21:19:55.576980"], ["status", 1], ["bids_count", 0], ["created_at", "2026-02-05 21:19:55.578270"], ["updated_at", "2026-02-05 21:19:55.578270"]]
  [1m[36mTRANSACTION (0.4ms)[0m  [1m[36mcommit transaction[0m
  [1m[36mAuction Load (0.2ms)[0m  [1m[34mSELECT "auctions".* FROM "auctions" WHERE "auctions"."artwork_id" = ? LIMIT ?[0m  [["artwork_id", 15], ["LIMIT", 1]]
  [1m[36mTRANSACTION (0.1ms)[0m  [1m[36mbegin transaction[0m
  [1m[36mAuction Create (1.1ms)[0m  [1m[32mINSERT INTO "auctions" ("artwork_id", "seller_id", "starting_price", "reserve_price", "current_price", "starts_at", "ends_at", "status", "bids_count", "created_at", "updated_at") VALUES (?, ?, ?, ?, ?, ?, ?, ?, ?, ?, ?) RETURNING "id"[0m  [["artwork_id", 15], ["seller_id", 5], ["starting_price", 75.0], ["reserve_price", nil], ["current_price", 75.0], ["starts_at", "2026-01-31 21:19:55.582059"], ["ends_at", "2026-02-06 21:19:55.582135"], ["status", 1], ["bids_count", 0], ["created_at", "2026-02-05 21:19:55.583568"], ["updated_at", "2026-02-05 21:19:55.583568"]]
  [1m[36mTRANSACTION (0.4ms)[0m  [1m[36mcommit transaction[0m
  [1m[36mTRANSACTION (0.1ms)[0m  [1m[36mbegin transaction[0m
  [1m[36mBid Create (6.3ms)[0m  [1m[32mINSERT INTO "bids" ("auction_id", "bidder_id", "amount", "created_at", "updated_at") VALUES (?, ?, ?, ?, ?) RETURNING "id"[0m  [["auction_id", 1], ["bidder_id", 5], ["amount", 60.0], ["created_at", "2026-02-04 23:19:55.499828"], ["updated_at", "2026-02-05 21:19:55.625334"]]
  [1m[36mAuction Update All (0.1ms)[0m  [1m[33mUPDATE "auctions" SET "bids_count" = COALESCE("bids_count", 0) + ? WHERE "auctions"."id" = ?[0m  [["bids_count", 1], ["id", 1]]
  [1m[36mTRANSACTION (0.2ms)[0m  [1m[36mcommit transaction[0m
  [1m[36mTRANSACTION (0.1ms)[0m  [1m[36mbegin transaction[0m
  [1m[36mBid Create (1.3ms)[0m  [1m[32mINSERT INTO "bids" ("auction_id", "bidder_id", "amount", "created_at", "updated_at") VALUES (?, ?, ?, ?, ?) RETURNING "id"[0m  [["auction_id", 1], ["bidder_id", 6], ["amount", 66.0], ["created_at", "2026-02-05 05:19:55.499828"], ["updated_at", "2026-02-05 21:19:55.635045"]]
  [1m[36mAuction Update All (0.2ms)[0m  [1m[33mUPDATE "auctions" SET "bids_count" = COALESCE("bids_count", 0) + ? WHERE "auctions"."id" = ?[0m  [["bids_count", 1], ["id", 1]]
  [1m[36mTRANSACTION (0.3ms)[0m  [1m[36mcommit transaction[0m
  [1m[36mTRANSACTION (0.1ms)[0m  [1m[36mbegin transaction[0m
  [1m[36mBid Create (0.9ms)[0m  [1m[32mINSERT INTO "bids" ("auction_id", "bidder_id", "amount", "created_at", "updated_at") VALUES (?, ?, ?, ?, ?) RETURNING "id"[0m  [["auction_id", 1], ["bidder_id", 1], ["amount", 74.0], ["created_at", "2026-02-06 09:19:55.499828"], ["updated_at", "2026-02-05 21:19:55.639337"]]
  [1m[36mAuction Update All (0.2ms)[0m  [1m[33mUPDATE "auctions" SET "bids_count" = COALESCE("bids_count", 0) + ? WHERE "auctions"."id" = ?[0m  [["bids_count", 1], ["id", 1]]
  [1m[36mTRANSACTION (0.3ms)[0m  [1m[36mcommit transaction[0m
  [1m[36mTRANSACTION (0.1ms)[0m  [1m[36mbegin transaction[0m
  [1m[36mBid Create (0.9ms)[0m  [1m[32mINSERT INTO "bids" ("auction_id", "bidder_id", "amount", "created_at", "updated_at") VALUES (?, ?, ?, ?, ?) RETURNING "id"[0m  [["auction_id", 1], ["bidder_id", 6], ["amount", 80.0], ["created_at", "2026-02-05 13:19:55.499828"], ["updated_at", "2026-02-05 21:19:55.644306"]]
  [1m[36mAuction Update All (0.2ms)[0m  [1m[33mUPDATE "auctions" SET "bids_count" = COALESCE("bids_count", 0) + ? WHERE "auctions"."id" = ?[0m  [["bids_count", 1], ["id", 1]]
  [1m[36mTRANSACTION (0.2ms)[0m  [1m[36mcommit transaction[0m
  [1m[36mTRANSACTION (0.1ms)[0m  [1m[36mbegin transaction[0m
  [1m[36mAuction Update (1.0ms)[0m  [1m[33mUPDATE "auctions" SET "current_price" = ?, "updated_at" = ? WHERE "auctions"."id" = ?[0m  [["current_price", 80.0], ["updated_at", "2026-02-05 21:19:55.648213"], ["id", 1]]
  [1m[36mTRANSACTION (0.1ms)[0m  [1m[36mcommit transaction[0m
  [1m[36mBid Count (0.3ms)[0m  [1m[34mSELECT COUNT(*) FROM "bids" WHERE "bids"."auction_id" = ?[0m  [["auction_id", 1]]
  [1m[36mAuction Update (0.1ms)[0m  [1m[33mUPDATE "auctions" SET "bids_count" = ? WHERE "auctions"."id" = ?[0m  [["bids_count", 4], ["id", 1]]
  [1m[36mTRANSACTION (0.1ms)[0m  [1m[36mbegin transaction[0m
  [1m[36mBid Create (0.9ms)[0m  [1m[32mINSERT INTO "bids" ("auction_id", "bidder_id", "amount", "created_at", "updated_at") VALUES (?, ?, ?, ?, ?) RETURNING "id"[0m  [["auction_id", 2], ["bidder_id", 7], ["amount", 118.0], ["created_at", "2026-02-02 23:19:55.551538"], ["updated_at", "2026-02-05 21:19:55.654099"]]
  [1m[36mAuction Update All (0.2ms)[0m  [1m[33mUPDATE "auctions" SET "bids_count" = COALESCE("bids_count", 0) + ? WHERE "auctions"."id" = ?[0m  [["bids_count", 1], ["id", 2]]
  [1m[36mTRANSACTION (0.4ms)[0m  [1m[36mcommit transaction[0m
  [1m[36mTRANSACTION (0.1ms)[0m  [1m[36mbegin transaction[0m
  [1m[36mBid Create (0.9ms)[0m  [1m[32mINSERT INTO "bids" ("auction_id", "bidder_id", "amount", "created_at", "updated_at") VALUES (?, ?, ?, ?, ?) RETURNING "id"[0m  [["auction_id", 2], ["bidder_id", 6], ["amount", 137.0], ["created_at", "2026-02-03 03:19:55.551538"], ["updated_at", "2026-02-05 21:19:55.658213"]]
  [1m[36mAuction Update All (0.1ms)[0m  [1m[33mUPDATE "auctions" SET "bids_count" = COALESCE("bids_count", 0) + ? WHERE "auctions"."id" = ?[0m  [["bids_count", 1], ["id", 2]]
  [1m[36mTRANSACTION (0.2ms)[0m  [1m[36mcommit transaction[0m
  [1m[36mTRANSACTION (0.1ms)[0m  [1m[36mbegin transaction[0m
  [1m[36mBid Create (1.2ms)[0m  [1m[32mINSERT INTO "bids" ("auction_id", "bidder_id", "amount", "created_at", "updated_at") VALUES (?, ?, ?, ?, ?) RETURNING "id"[0m  [["auction_id", 2], ["bidder_id", 7], ["amount", 149.0], ["created_at", "2026-02-03 00:19:55.551538"], ["updated_at", "2026-02-05 21:19:55.663241"]]
  [1m[36mAuction Update All (0.1ms)[0m  [1m[33mUPDATE "auctions" SET "bids_count" = COALESCE("bids_count", 0) + ? WHERE "auctions"."id" = ?[0m  [["bids_count", 1], ["id", 2]]
  [1m[36mTRANSACTION (0.3ms)[0m  [1m[36mcommit transaction[0m
  [1m[36mTRANSACTION (0.1ms)[0m  [1m[36mbegin transaction[0m
  [1m[36mAuction Update (0.8ms)[0m  [1m[33mUPDATE "auctions" SET "current_price" = ?, "updated_at" = ? WHERE "auctions"."id" = ?[0m  [["current_price", 149.0], ["updated_at", "2026-02-05 21:19:55.667325"], ["id", 2]]
  [1m[36mTRANSACTION (0.1ms)[0m  [1m[36mcommit transaction[0m
  [1m[36mBid Count (0.2ms)[0m  [1m[34mSELECT COUNT(*) FROM "bids" WHERE "bids"."auction_id" = ?[0m  [["auction_id", 2]]
  [1m[36mAuction Update (0.2ms)[0m  [1m[33mUPDATE "auctions" SET "bids_count" = ? WHERE "auctions"."id" = ?[0m  [["bids_count", 3], ["id", 2]]
  [1m[36mTRANSACTION (0.1ms)[0m  [1m[36mbegin transaction[0m
  [1m[36mBid Create (0.9ms)[0m  [1m[32mINSERT INTO "bids" ("auction_id", "bidder_id", "amount", "created_at", "updated_at") VALUES (?, ?, ?, ?, ?) RETURNING "id"[0m  [["auction_id", 3], ["bidder_id", 2], ["amount", 218.0], ["created_at", "2026-02-01 22:19:55.557337"], ["updated_at", "2026-02-05 21:19:55.672085"]]
  [1m[36mAuction Update All (0.3ms)[0m  [1m[33mUPDATE "auctions" SET "bids_count" = COALESCE("bids_count", 0) + ? WHERE "auctions"."id" = ?[0m  [["bids_count", 1], ["id", 3]]
  [1m[36mTRANSACTION (0.3ms)[0m  [1m[36mcommit transaction[0m
  [1m[36mTRANSACTION (0.1ms)[0m  [1m[36mbegin transaction[0m
  [1m[36mBid Create (1.2ms)[0m  [1m[32mINSERT INTO "bids" ("auction_id", "bidder_id", "amount", "created_at", "updated_at") VALUES (?, ?, ?, ?, ?) RETURNING "id"[0m  [["auction_id", 3], ["bidder_id", 2], ["amount", 238.0], ["created_at", "2026-02-02 17:19:55.557337"], ["updated_at", "2026-02-05 21:19:55.676198"]]
  [1m[36mAuction Update All (0.2ms)[0m  [1m[33mUPDATE "auctions" SET "bids_count" = COALESCE("bids_count", 0) + ? WHERE "auctions"."id" = ?[0m  [["bids_count", 1], ["id", 3]]
  [1m[36mTRANSACTION (0.4ms)[0m  [1m[36mcommit transaction[0m
  [1m[36mTRANSACTION (0.1ms)[0m  [1m[36mbegin transaction[0m
  [1m[36mBid Create (1.3ms)[0m  [1m[32mINSERT INTO "bids" ("auction_id", "bidder_id", "amount", "created_at", "updated_at") VALUES (?, ?, ?, ?, ?) RETURNING "id"[0m  [["auction_id", 3], ["bidder_id", 2], ["amount", 252.0], ["created_at", "2026-02-03 06:19:55.557337"], ["updated_at", "2026-02-05 21:19:55.680792"]]
  [1m[36mAuction Update All (0.1ms)[0m  [1m[33mUPDATE "auctions" SET "bids_count" = COALESCE("bids_count", 0) + ? WHERE "auctions"."id" = ?[0m  [["bids_count", 1], ["id", 3]]
  [1m[36mTRANSACTION (0.3ms)[0m  [1m[36mcommit transaction[0m
  [1m[36mTRANSACTION (0.1ms)[0m  [1m[36mbegin transaction[0m
  [1m[36mBid Create (1.0ms)[0m  [1m[32mINSERT INTO "bids" ("auction_id", "bidder_id", "amount", "created_at", "updated_at") VALUES (?, ?, ?, ?, ?) RETURNING "id"[0m  [["auction_id", 3], ["bidder_id", 1], ["amount", 263.0], ["created_at", "2026-02-02 21:19:55.557337"], ["updated_at", "2026-02-05 21:19:55.689955"]]
  [1m[36mAuction Update All (0.1ms)[0m  [1m[33mUPDATE "auctions" SET "bids_count" = COALESCE("bids_count", 0) + ? WHERE "auctions"."id" = ?[0m  [["bids_count", 1], ["id", 3]]
  [1m[36mTRANSACTION (0.2ms)[0m  [1m[36mcommit transaction[0m
  [1m[36mTRANSACTION (0.1ms)[0m  [1m[36mbegin transaction[0m
  [1m[36mAuction Update (0.9ms)[0m  [1m[33mUPDATE "auctions" SET "current_price" = ?, "updated_at" = ? WHERE "auctions"."id" = ?[0m  [["current_price", 263.0], ["updated_at", "2026-02-05 21:19:55.693713"], ["id", 3]]
  [1m[36mTRANSACTION (0.4ms)[0m  [1m[36mcommit transaction[0m
  [1m[36mBid Count (0.2ms)[0m  [1m[34mSELECT COUNT(*) FROM "bids" WHERE "bids"."auction_id" = ?[0m  [["auction_id", 3]]
  [1m[36mAuction Update (0.2ms)[0m  [1m[33mUPDATE "auctions" SET "bids_count" = ? WHERE "auctions"."id" = ?[0m  [["bids_count", 4], ["id", 3]]
  [1m[36mTRANSACTION (0.1ms)[0m  [1m[36mbegin transaction[0m
  [1m[36mBid Create (1.2ms)[0m  [1m[32mINSERT INTO "bids" ("auction_id", "bidder_id", "amount", "created_at", "updated_at") VALUES (?, ?, ?, ?, ?) RETURNING "id"[0m  [["auction_id", 4], ["bidder_id", 4], ["amount", 546.0], ["created_at", "2026-02-05 03:19:55.562103"], ["updated_at", "2026-02-05 21:19:55.699837"]]
  [1m[36mAuction Update All (0.1ms)[0m  [1m[33mUPDATE "auctions" SET "bids_count" = COALESCE("bids_count", 0) + ? WHERE "auctions"."id" = ?[0m  [["bids_count", 1], ["id", 4]]
  [1m[36mTRANSACTION (0.3ms)[0m  [1m[36mcommit transaction[0m
  [1m[36mTRANSACTION (0.1ms)[0m  [1m[36mbegin transaction[0m
  [1m[36mBid Create (0.9ms)[0m  [1m[32mINSERT INTO "bids" ("auction_id", "bidder_id", "amount", "created_at", "updated_at") VALUES (?, ?, ?, ?, ?) RETURNING "id"[0m  [["auction_id", 4], ["bidder_id", 1], ["amount", 581.0], ["created_at", "2026-02-05 07:19:55.562103"], ["updated_at", "2026-02-05 21:19:55.704353"]]
  [1m[36mAuction Update All (0.1ms)[0m  [1m[33mUPDATE "auctions" SET "bids_count" = COALESCE("bids_count", 0) + ? WHERE "auctions"."id" = ?[0m  [["bids_count", 1], ["id", 4]]
  [1m[36mTRANSACTION (0.2ms)[0m  [1m[36mcommit transaction[0m
  [1m[36mTRANSACTION (0.1ms)[0m  [1m[36mbegin transaction[0m
  [1m[36mBid Create (0.9ms)[0m  [1m[32mINSERT INTO "bids" ("auction_id", "bidder_id", "amount", "created_at", "updated_at") VALUES (?, ?, ?, ?, ?) RETURNING "id"[0m  [["auction_id", 4], ["bidder_id", 5], ["amount", 607.0], ["created_at", "2026-02-05 00:19:55.562103"], ["updated_at", "2026-02-05 21:19:55.707915"]]
  [1m[36mAuction Update All (0.2ms)[0m  [1m[33mUPDATE "auctions" SET "bids_count" = COALESCE("bids_count", 0) + ? WHERE "auctions"."id" = ?[0m  [["bids_count", 1], ["id", 4]]
  [1m[36mTRANSACTION (0.5ms)[0m  [1m[36mcommit transaction[0m
  [1m[36mTRANSACTION (0.1ms)[0m  [1m[36mbegin transaction[0m
  [1m[36mBid Create (1.2ms)[0m  [1m[32mINSERT INTO "bids" ("auction_id", "bidder_id", "amount", "created_at", "updated_at") VALUES (?, ?, ?, ?, ?) RETURNING "id"[0m  [["auction_id", 4], ["bidder_id", 4], ["amount", 634.0], ["created_at", "2026-02-06 21:19:55.562103"], ["updated_at", "2026-02-05 21:19:55.713144"]]
  [1m[36mAuction Update All (0.2ms)[0m  [1m[33mUPDATE "auctions" SET "bids_count" = COALESCE("bids_count", 0) + ? WHERE "auctions"."id" = ?[0m  [["bids_count", 1], ["id", 4]]
  [1m[36mTRANSACTION (0.4ms)[0m  [1m[36mcommit transaction[0m
  [1m[36mTRANSACTION (0.1ms)[0m  [1m[36mbegin transaction[0m
  [1m[36mAuction Update (1.0ms)[0m  [1m[33mUPDATE "auctions" SET "current_price" = ?, "updated_at" = ? WHERE "auctions"."id" = ?[0m  [["current_price", 634.0], ["updated_at", "2026-02-05 21:19:55.717661"], ["id", 4]]
  [1m[36mTRANSACTION (0.2ms)[0m  [1m[36mcommit transaction[0m
  [1m[36mBid Count (0.3ms)[0m  [1m[34mSELECT COUNT(*) FROM "bids" WHERE "bids"."auction_id" = ?[0m  [["auction_id", 4]]
  [1m[36mAuction Update (0.2ms)[0m  [1m[33mUPDATE "auctions" SET "bids_count" = ? WHERE "auctions"."id" = ?[0m  [["bids_count", 4], ["id", 4]]
  [1m[36mTRANSACTION (0.1ms)[0m  [1m[36mbegin transaction[0m
  [1m[36mBid Create (0.9ms)[0m  [1m[32mINSERT INTO "bids" ("auction_id", "bidder_id", "amount", "created_at", "updated_at") VALUES (?, ?, ?, ?, ?) RETURNING "id"[0m  [["auction_id", 5], ["bidder_id", 5], ["amount", 1096.0], ["created_at", "2026-02-03 23:19:55.566445"], ["updated_at", "2026-02-05 21:19:55.723534"]]
  [1m[36mAuction Update All (0.3ms)[0m  [1m[33mUPDATE "auctions" SET "bids_count" = COALESCE("bids_count", 0) + ? WHERE "auctions"."id" = ?[0m  [["bids_count", 1], ["id", 5]]
  [1m[36mTRANSACTION (0.4ms)[0m  [1m[36mcommit transaction[0m
  [1m[36mTRANSACTION (0.1ms)[0m  [1m[36mbegin transaction[0m
  [1m[36mBid Create (1.4ms)[0m  [1m[32mINSERT INTO "bids" ("auction_id", "bidder_id", "amount", "created_at", "updated_at") VALUES (?, ?, ?, ?, ?) RETURNING "id"[0m  [["auction_id", 5], ["bidder_id", 3], ["amount", 1176.0], ["created_at", "2026-02-04 15:19:55.566445"], ["updated_at", "2026-02-05 21:19:55.727930"]]
  [1m[36mAuction Update All (0.2ms)[0m  [1m[33mUPDATE "auctions" SET "bids_count" = COALESCE("bids_count", 0) + ? WHERE "auctions"."id" = ?[0m  [["bids_count", 1], ["id", 5]]
  [1m[36mTRANSACTION (0.3ms)[0m  [1m[36mcommit transaction[0m
  [1m[36mTRANSACTION (0.1ms)[0m  [1m[36mbegin transaction[0m
  [1m[36mBid Create (1.3ms)[0m  [1m[32mINSERT INTO "bids" ("auction_id", "bidder_id", "amount", "created_at", "updated_at") VALUES (?, ?, ?, ?, ?) RETURNING "id"[0m  [["auction_id", 5], ["bidder_id", 3], ["amount", 1274.0], ["created_at", "2026-02-04 03:19:55.566445"], ["updated_at", "2026-02-05 21:19:55.732351"]]
  [1m[36mAuction Update All (0.2ms)[0m  [1m[33mUPDATE "auctions" SET "bids_count" = COALESCE("bids_count", 0) + ? WHERE "auctions"."id" = ?[0m  [["bids_count", 1], ["id", 5]]
  [1m[36mTRANSACTION (0.2ms)[0m  [1m[36mcommit transaction[0m
  [1m[36mTRANSACTION (0.1ms)[0m  [1m[36mbegin transaction[0m
  [1m[36mBid Create (0.9ms)[0m  [1m[32mINSERT INTO "bids" ("auction_id", "bidder_id", "amount", "created_at", "updated_at") VALUES (?, ?, ?, ?, ?) RETURNING "id"[0m  [["auction_id", 5], ["bidder_id", 3], ["amount", 1364.0], ["created_at", "2026-02-04 01:19:55.566445"], ["updated_at", "2026-02-05 21:19:55.736692"]]
  [1m[36mAuction Update All (0.2ms)[0m  [1m[33mUPDATE "auctions" SET "bids_count" = COALESCE("bids_count", 0) + ? WHERE "auctions"."id" = ?[0m  [["bids_count", 1], ["id", 5]]
  [1m[36mTRANSACTION (0.4ms)[0m  [1m[36mcommit transaction[0m
  [1m[36mTRANSACTION (0.1ms)[0m  [1m[36mbegin transaction[0m
  [1m[36mBid Create (1.6ms)[0m  [1m[32mINSERT INTO "bids" ("auction_id", "bidder_id", "amount", "created_at", "updated_at") VALUES (?, ?, ?, ?, ?) RETURNING "id"[0m  [["auction_id", 5], ["bidder_id", 5], ["amount", 1462.0], ["created_at", "2026-02-04 22:19:55.566445"], ["updated_at", "2026-02-05 21:19:55.740932"]]
  [1m[36mAuction Update All (0.2ms)[0m  [1m[33mUPDATE "auctions" SET "bids_count" = COALESCE("bids_count", 0) + ? WHERE "auctions"."id" = ?[0m  [["bids_count", 1], ["id", 5]]
  [1m[36mTRANSACTION (0.4ms)[0m  [1m[36mcommit transaction[0m
  [1m[36mTRANSACTION (0.1ms)[0m  [1m[36mbegin transaction[0m
  [1m[36mBid Create (1.2ms)[0m  [1m[32mINSERT INTO "bids" ("auction_id", "bidder_id", "amount", "created_at", "updated_at") VALUES (?, ?, ?, ?, ?) RETURNING "id"[0m  [["auction_id", 5], ["bidder_id", 6], ["amount", 1555.0], ["created_at", "2026-02-04 03:19:55.566445"], ["updated_at", "2026-02-05 21:19:55.749460"]]
  [1m[36mAuction Update All (0.3ms)[0m  [1m[33mUPDATE "auctions" SET "bids_count" = COALESCE("bids_count", 0) + ? WHERE "auctions"."id" = ?[0m  [["bids_count", 1], ["id", 5]]
  [1m[36mTRANSACTION (0.3ms)[0m  [1m[36mcommit transaction[0m
  [1m[36mTRANSACTION (0.1ms)[0m  [1m[36mbegin transaction[0m
  [1m[36mAuction Update (0.9ms)[0m  [1m[33mUPDATE "auctions" SET "current_price" = ?, "updated_at" = ? WHERE "auctions"."id" = ?[0m  [["current_price", 1555.0], ["updated_at", "2026-02-05 21:19:55.753664"], ["id", 5]]
  [1m[36mTRANSACTION (0.1ms)[0m  [1m[36mcommit transaction[0m
  [1m[36mBid Count (0.4ms)[0m  [1m[34mSELECT COUNT(*) FROM "bids" WHERE "bids"."auction_id" = ?[0m  [["auction_id", 5]]
  [1m[36mAuction Update (0.1ms)[0m  [1m[33mUPDATE "auctions" SET "bids_count" = ? WHERE "auctions"."id" = ?[0m  [["bids_count", 6], ["id", 5]]
  [1m[36mTRANSACTION (0.2ms)[0m  [1m[36mbegin transaction[0m
  [1m[36mBid Create (1.5ms)[0m  [1m[32mINSERT INTO "bids" ("auction_id", "bidder_id", "amount", "created_at", "updated_at") VALUES (?, ?, ?, ?, ?) RETURNING "id"[0m  [["auction_id", 6], ["bidder_id", 5], ["amount", 260.0], ["created_at", "2026-02-02 04:19:55.572090"], ["updated_at", "2026-02-05 21:19:55.759134"]]
  [1m[36mAuction Update All (0.1ms)[0m  [1m[33mUPDATE "auctions" SET "bids_count" = COALESCE("bids_count", 0) + ? WHERE "auctions"."id" = ?[0m  [["bids_count", 1], ["id", 6]]
  [1m[36mTRANSACTION (0.3ms)[0m  [1m[36mcommit transaction[0m
  [1m[36mTRANSACTION (0.1ms)[0m  [1m[36mbegin transaction[0m
  [1m[36mBid Create (1.3ms)[0m  [1m[32mINSERT INTO "bids" ("auction_id", "bidder_id", "amount", "created_at", "updated_at") VALUES (?, ?, ?, ?, ?) RETURNING "id"[0m  [["auction_id", 6], ["bidder_id", 2], ["amount", 277.0], ["created_at", "2026-02-02 07:19:55.572090"], ["updated_at", "2026-02-05 21:19:55.763796"]]
  [1m[36mAuction Update All (0.3ms)[0m  [1m[33mUPDATE "auctions" SET "bids_count" = COALESCE("bids_count", 0) + ? WHERE "auctions"."id" = ?[0m  [["bids_count", 1], ["id", 6]]
  [1m[36mTRANSACTION (0.3ms)[0m  [1m[36mcommit transaction[0m
  [1m[36mTRANSACTION (0.1ms)[0m  [1m[36mbegin transaction[0m
  [1m[36mAuction Update (1.3ms)[0m  [1m[33mUPDATE "auctions" SET "current_price" = ?, "updated_at" = ? WHERE "auctions"."id" = ?[0m  [["current_price", 277.0], ["updated_at", "2026-02-05 21:19:55.768769"], ["id", 6]]
  [1m[36mTRANSACTION (0.2ms)[0m  [1m[36mcommit transaction[0m
  [1m[36mBid Count (0.2ms)[0m  [1m[34mSELECT COUNT(*) FROM "bids" WHERE "bids"."auction_id" = ?[0m  [["auction_id", 6]]
  [1m[36mAuction Update (0.2ms)[0m  [1m[33mUPDATE "auctions" SET "bids_count" = ? WHERE "auctions"."id" = ?[0m  [["bids_count", 2], ["id", 6]]
  [1m[36mTRANSACTION (0.1ms)[0m  [1m[36mbegin transaction[0m
  [1m[36mBid Create (0.9ms)[0m  [1m[32mINSERT INTO "bids" ("auction_id", "bidder_id", "amount", "created_at", "updated_at") VALUES (?, ?, ?, ?, ?) RETURNING "id"[0m  [["auction_id", 7], ["bidder_id", 7], ["amount", 164.0], ["created_at", "2026-02-04 01:19:55.576904"], ["updated_at", "2026-02-05 21:19:55.774006"]]
  [1m[36mAuction Update All (0.1ms)[0m  [1m[33mUPDATE "auctions" SET "bids_count" = COALESCE("bids_count", 0) + ? WHERE "auctions"."id" = ?[0m  [["bids_count", 1], ["id", 7]]
  [1m[36mTRANSACTION (0.3ms)[0m  [1m[36mcommit transaction[0m
  [1m[36mTRANSACTION (0.1ms)[0m  [1m[36mbegin transaction[0m
  [1m[36mBid Create (0.9ms)[0m  [1m[32mINSERT INTO "bids" ("auction_id", "bidder_id", "amount", "created_at", "updated_at") VALUES (?, ?, ?, ?, ?) RETURNING "id"[0m  [["auction_id", 7], ["bidder_id", 7], ["amount", 179.0], ["created_at", "2026-02-04 21:19:55.576904"], ["updated_at", "2026-02-05 21:19:55.778674"]]
  [1m[36mAuction Update All (0.1ms)[0m  [1m[33mUPDATE "auctions" SET "bids_count" = COALESCE("bids_count", 0) + ? WHERE "auctions"."id" = ?[0m  [["bids_count", 1], ["id", 7]]
  [1m[36mTRANSACTION (0.2ms)[0m  [1m[36mcommit transaction[0m
  [1m[36mTRANSACTION (0.1ms)[0m  [1m[36mbegin transaction[0m
  [1m[36mBid Create (0.9ms)[0m  [1m[32mINSERT INTO "bids" ("auction_id", "bidder_id", "amount", "created_at", "updated_at") VALUES (?, ?, ?, ?, ?) RETURNING "id"[0m  [["auction_id", 7], ["bidder_id", 1], ["amount", 191.0], ["created_at", "2026-02-04 15:19:55.576904"], ["updated_at", "2026-02-05 21:19:55.782328"]]
  [1m[36mAuction Update All (0.3ms)[0m  [1m[33mUPDATE "auctions" SET "bids_count" = COALESCE("bids_count", 0) + ? WHERE "auctions"."id" = ?[0m  [["bids_count", 1], ["id", 7]]
  [1m[36mTRANSACTION (0.3ms)[0m  [1m[36mcommit transaction[0m
  [1m[36mTRANSACTION (0.1ms)[0m  [1m[36mbegin transaction[0m
  [1m[36mBid Create (1.1ms)[0m  [1m[32mINSERT INTO "bids" ("auction_id", "bidder_id", "amount", "created_at", "updated_at") VALUES (?, ?, ?, ?, ?) RETURNING "id"[0m  [["auction_id", 7], ["bidder_id", 2], ["amount", 203.0], ["created_at", "2026-02-05 01:19:55.576904"], ["updated_at", "2026-02-05 21:19:55.786404"]]
  [1m[36mAuction Update All (0.1ms)[0m  [1m[33mUPDATE "auctions" SET "bids_count" = COALESCE("bids_count", 0) + ? WHERE "auctions"."id" = ?[0m  [["bids_count", 1], ["id", 7]]
  [1m[36mTRANSACTION (0.2ms)[0m  [1m[36mcommit transaction[0m
  [1m[36mTRANSACTION (0.1ms)[0m  [1m[36mbegin transaction[0m
  [1m[36mAuction Update (0.9ms)[0m  [1m[33mUPDATE "auctions" SET "current_price" = ?, "updated_at" = ? WHERE "auctions"."id" = ?[0m  [["current_price", 203.0], ["updated_at", "2026-02-05 21:19:55.790213"], ["id", 7]]
  [1m[36mTRANSACTION (0.2ms)[0m  [1m[36mcommit transaction[0m
  [1m[36mBid Count (0.2ms)[0m  [1m[34mSELECT COUNT(*) FROM "bids" WHERE "bids"."auction_id" = ?[0m  [["auction_id", 7]]
  [1m[36mAuction Update (0.3ms)[0m  [1m[33mUPDATE "auctions" SET "bids_count" = ? WHERE "auctions"."id" = ?[0m  [["bids_count", 4], ["id", 7]]
  [1m[36mTRANSACTION (0.1ms)[0m  [1m[36mbegin transaction[0m
  [1m[36mBid Create (4.1ms)[0m  [1m[32mINSERT INTO "bids" ("auction_id", "bidder_id", "amount", "created_at", "updated_at") VALUES (?, ?, ?, ?, ?) RETURNING "id"[0m  [["auction_id", 8], ["bidder_id", 6], ["amount", 80.0], ["created_at", "2026-01-31 23:19:55.582059"], ["updated_at", "2026-02-05 21:19:55.795316"]]
  [1m[36mAuction Update All (0.1ms)[0m  [1m[33mUPDATE "auctions" SET "bids_count" = COALESCE("bids_count", 0) + ? WHERE "auctions"."id" = ?[0m  [["bids_count", 1], ["id", 8]]
  [1m[36mTRANSACTION (0.2ms)[0m  [1m[36mcommit transaction[0m
  [1m[36mTRANSACTION (0.1ms)[0m  [1m[36mbegin transaction[0m
  [1m[36mBid Create (1.3ms)[0m  [1m[32mINSERT INTO "bids" ("auction_id", "bidder_id", "amount", "created_at", "updated_at") VALUES (?, ?, ?, ?, ?) RETURNING "id"[0m  [["auction_id", 8], ["bidder_id", 2], ["amount", 85.0], ["created_at", "2026-01-31 23:19:55.582059"], ["updated_at", "2026-02-05 21:19:55.802091"]]
  [1m[36mAuction Update All (0.3ms)[0m  [1m[33mUPDATE "auctions" SET "bids_count" = COALESCE("bids_count", 0) + ? WHERE "auctions"."id" = ?[0m  [["bids_count", 1], ["id", 8]]
  [1m[36mTRANSACTION (0.2ms)[0m  [1m[36mcommit transaction[0m
  [1m[36mTRANSACTION (0.1ms)[0m  [1m[36mbegin transaction[0m
  [1m[36mBid Create (1.2ms)[0m  [1m[32mINSERT INTO "bids" ("auction_id", "bidder_id", "amount", "created_at", "updated_at") VALUES (?, ?, ?, ?, ?) RETURNING "id"[0m  [["auction_id", 8], ["bidder_id", 4], ["amount", 94.0], ["created_at", "2026-02-01 18:19:55.582059"], ["updated_at", "2026-02-05 21:19:55.806624"]]
  [1m[36mAuction Update All (0.1ms)[0m  [1m[33mUPDATE "auctions" SET "bids_count" = COALESCE("bids_count", 0) + ? WHERE "auctions"."id" = ?[0m  [["bids_count", 1], ["id", 8]]
  [1m[36mTRANSACTION (0.3ms)[0m  [1m[36mcommit transaction[0m
  [1m[36mTRANSACTION (0.1ms)[0m  [1m[36mbegin transaction[0m
  [1m[36mBid Create (0.9ms)[0m  [1m[32mINSERT INTO "bids" ("auction_id", "bidder_id", "amount", "created_at", "updated_at") VALUES (?, ?, ?, ?, ?) RETURNING "id"[0m  [["auction_id", 8], ["bidder_id", 6], ["amount", 99.0], ["created_at", "2026-02-02 13:19:55.582059"], ["updated_at", "2026-02-05 21:19:55.812359"]]
  [1m[36mAuction Update All (0.1ms)[0m  [1m[33mUPDATE "auctions" SET "bids_count" = COALESCE("bids_count", 0) + ? WHERE "auctions"."id" = ?[0m  [["bids_count", 1], ["id", 8]]
  [1m[36mTRANSACTION (0.3ms)[0m  [1m[36mcommit transaction[0m
  [1m[36mTRANSACTION (0.1ms)[0m  [1m[36mbegin transaction[0m
  [1m[36mAuction Update (0.9ms)[0m  [1m[33mUPDATE "auctions" SET "current_price" = ?, "updated_at" = ? WHERE "auctions"."id" = ?[0m  [["current_price", 99.0], ["updated_at", "2026-02-05 21:19:55.815875"], ["id", 8]]
  [1m[36mTRANSACTION (0.1ms)[0m  [1m[36mcommit transaction[0m
  [1m[36mBid Count (0.2ms)[0m  [1m[34mSELECT COUNT(*) FROM "bids" WHERE "bids"."auction_id" = ?[0m  [["auction_id", 8]]
  [1m[36mAuction Update (0.1ms)[0m  [1m[33mUPDATE "auctions" SET "bids_count" = ? WHERE "auctions"."id" = ?[0m  [["bids_count", 4], ["id", 8]]
  [1m[36mBid Count (0.2ms)[0m  [1m[34mSELECT COUNT(*) FROM "bids"[0m
  [1m[36mWatchlist Load (0.2ms)[0m  [1m[34mSELECT "watchlists".* FROM "watchlists" WHERE "watchlists"."user_id" = ? AND "watchlists"."auction_id" = ? LIMIT ?[0m  [["user_id", 7], ["auction_id", 5], ["LIMIT", 1]]
  [1m[36mTRANSACTION (0.1ms)[0m  [1m[36mbegin transaction[0m
  [1m[36mWatchlist Exists? (0.1ms)[0m  [1m[34mSELECT 1 AS one FROM "watchlists" WHERE "watchlists"."user_id" = ? AND "watchlists"."auction_id" = ? LIMIT ?[0m  [["user_id", 7], ["auction_id", 5], ["LIMIT", 1]]
  [1m[36mWatchlist Create (0.2ms)[0m  [1m[32mINSERT INTO "watchlists" ("user_id", "auction_id", "created_at", "updated_at") VALUES (?, ?, ?, ?) RETURNING "id"[0m  [["user_id", 7], ["auction_id", 5], ["created_at", "2026-02-05 21:19:55.848646"], ["updated_at", "2026-02-05 21:19:55.848646"]]
  [1m[36mTRANSACTION (0.4ms)[0m  [1m[36mcommit transaction[0m
  [1m[36mWatchlist Load (0.1ms)[0m  [1m[34mSELECT "watchlists".* FROM "watchlists" WHERE "watchlists"."user_id" = ? AND "watchlists"."auction_id" = ? LIMIT ?[0m  [["user_id", 7], ["auction_id", 3], ["LIMIT", 1]]
  [1m[36mTRANSACTION (0.1ms)[0m  [1m[36mbegin transaction[0m
  [1m[36mWatchlist Exists? (1.0ms)[0m  [1m[34mSELECT 1 AS one FROM "watchlists" WHERE "watchlists"."user_id" = ? AND "watchlists"."auction_id" = ? LIMIT ?[0m  [["user_id", 7], ["auction_id", 3], ["LIMIT", 1]]
  [1m[36mWatchlist Create (0.2ms)[0m  [1m[32mINSERT INTO "watchlists" ("user_id", "auction_id", "created_at", "updated_at") VALUES (?, ?, ?, ?) RETURNING "id"[0m  [["user_id", 7], ["auction_id", 3], ["created_at", "2026-02-05 21:19:55.854878"], ["updated_at", "2026-02-05 21:19:55.854878"]]
  [1m[36mTRANSACTION (0.2ms)[0m  [1m[36mcommit transaction[0m
  [1m[36mWatchlist Load (0.1ms)[0m  [1m[34mSELECT "watchlists".* FROM "watchlists" WHERE "watchlists"."user_id" = ? AND "watchlists"."auction_id" = ? LIMIT ?[0m  [["user_id", 7], ["auction_id", 4], ["LIMIT", 1]]
  [1m[36mTRANSACTION (0.1ms)[0m  [1m[36mbegin transaction[0m
  [1m[36mWatchlist Exists? (1.0ms)[0m  [1m[34mSELECT 1 AS one FROM "watchlists" WHERE "watchlists"."user_id" = ? AND "watchlists"."auction_id" = ? LIMIT ?[0m  [["user_id", 7], ["auction_id", 4], ["LIMIT", 1]]
  [1m[36mWatchlist Create (0.2ms)[0m  [1m[32mINSERT INTO "watchlists" ("user_id", "auction_id", "created_at", "updated_at") VALUES (?, ?, ?, ?) RETURNING "id"[0m  [["user_id", 7], ["auction_id", 4], ["created_at", "2026-02-05 21:19:55.859631"], ["updated_at", "2026-02-05 21:19:55.859631"]]
  [1m[36mTRANSACTION (0.2ms)[0m  [1m[36mcommit transaction[0m
  [1m[36mWatchlist Load (0.1ms)[0m  [1m[34mSELECT "watchlists".* FROM "watchlists" WHERE "watchlists"."user_id" = ? AND "watchlists"."auction_id" = ? LIMIT ?[0m  [["user_id", 7], ["auction_id", 8], ["LIMIT", 1]]
  [1m[36mTRANSACTION (0.1ms)[0m  [1m[36mbegin transaction[0m
  [1m[36mWatchlist Exists? (1.0ms)[0m  [1m[34mSELECT 1 AS one FROM "watchlists" WHERE "watchlists"."user_id" = ? AND "watchlists"."auction_id" = ? LIMIT ?[0m  [["user_id", 7], ["auction_id", 8], ["LIMIT", 1]]
  [1m[36mWatchlist Create (0.3ms)[0m  [1m[32mINSERT INTO "watchlists" ("user_id", "auction_id", "created_at", "updated_at") VALUES (?, ?, ?, ?) RETURNING "id"[0m  [["user_id", 7], ["auction_id", 8], ["created_at", "2026-02-05 21:19:55.864460"], ["updated_at", "2026-02-05 21:19:55.864460"]]
  [1m[36mTRANSACTION (0.2ms)[0m  [1m[36mcommit transaction[0m
  [1m[36mWatchlist Count (0.4ms)[0m  [1m[34mSELECT COUNT(*) FROM "watchlists"[0m
  [1m[36mUser Count (0.2ms)[0m  [1m[34mSELECT COUNT(*) FROM "users"[0m
  [1m[36mCategory Count (0.2ms)[0m  [1m[34mSELECT COUNT(*) FROM "categories"[0m
  [1m[36mArtwork Count (0.2ms)[0m  [1m[34mSELECT COUNT(*) FROM "artworks"[0m
  [1m[36mAuction Count (0.2ms)[0m  [1m[34mSELECT COUNT(*) FROM "auctions"[0m
  [1m[36mBid Count (0.1ms)[0m  [1m[34mSELECT COUNT(*) FROM "bids"[0m
  [1m[36mWatchlist Count (0.3ms)[0m  [1m[34mSELECT COUNT(*) FROM "watchlists"[0m
  [1m[36mArtwork Count (0.3ms)[0m  [1m[34mSELECT COUNT(*) FROM "artworks" WHERE "artworks"."featured" = ?[0m  [["featured", 1]]
